{"/project/workspace/lib/buildingService.ts": {"path":"/project/workspace/lib/buildingService.ts","statementMap":{"0":{"start":{"line":22,"column":0},"end":{"line":22,"column":22}},"1":{"start":{"line":134,"column":0},"end":{"line":134,"column":22}},"2":{"start":{"line":205,"column":0},"end":{"line":205,"column":16}},"3":{"start":{"line":235,"column":0},"end":{"line":235,"column":16}},"4":{"start":{"line":3,"column":0},"end":{"line":3,"column":null}},"5":{"start":{"line":8,"column":0},"end":{"line":8,"column":116}},"6":{"start":{"line":11,"column":0},"end":{"line":11,"column":60}},"7":{"start":{"line":23,"column":2},"end":{"line":27,"column":null}},"8":{"start":{"line":29,"column":41},"end":{"line":29,"column":54}},"9":{"start":{"line":30,"column":2},"end":{"line":30,"column":null}},"10":{"start":{"line":33,"column":37},"end":{"line":33,"column":39}},"11":{"start":{"line":34,"column":34},"end":{"line":34,"column":36}},"12":{"start":{"line":37,"column":2},"end":{"line":37,"column":null}},"13":{"start":{"line":38,"column":2},"end":{"line":54,"column":3}},"14":{"start":{"line":39,"column":4},"end":{"line":39,"column":null}},"15":{"start":{"line":40,"column":21},"end":{"line":40,"column":68}},"16":{"start":{"line":41,"column":4},"end":{"line":49,"column":5}},"17":{"start":{"line":42,"column":6},"end":{"line":42,"column":null}},"18":{"start":{"line":45,"column":27},"end":{"line":45,"column":68}},"19":{"start":{"line":46,"column":6},"end":{"line":46,"column":null}},"20":{"start":{"line":48,"column":6},"end":{"line":48,"column":null}},"21":{"start":{"line":51,"column":21},"end":{"line":51,"column":90}},"22":{"start":{"line":52,"column":4},"end":{"line":52,"column":null}},"23":{"start":{"line":53,"column":4},"end":{"line":53,"column":null}},"24":{"start":{"line":57,"column":2},"end":{"line":98,"column":3}},"25":{"start":{"line":58,"column":4},"end":{"line":58,"column":null}},"26":{"start":{"line":59,"column":4},"end":{"line":75,"column":5}},"27":{"start":{"line":60,"column":6},"end":{"line":60,"column":null}},"28":{"start":{"line":61,"column":29},"end":{"line":61,"column":71}},"29":{"start":{"line":62,"column":6},"end":{"line":70,"column":7}},"30":{"start":{"line":63,"column":8},"end":{"line":63,"column":null}},"31":{"start":{"line":66,"column":29},"end":{"line":66,"column":76}},"32":{"start":{"line":67,"column":8},"end":{"line":67,"column":null}},"33":{"start":{"line":69,"column":8},"end":{"line":69,"column":null}},"34":{"start":{"line":72,"column":23},"end":{"line":72,"column":98}},"35":{"start":{"line":73,"column":6},"end":{"line":73,"column":null}},"36":{"start":{"line":74,"column":6},"end":{"line":74,"column":null}},"37":{"start":{"line":78,"column":4},"end":{"line":78,"column":null}},"38":{"start":{"line":79,"column":4},"end":{"line":95,"column":5}},"39":{"start":{"line":80,"column":6},"end":{"line":80,"column":null}},"40":{"start":{"line":81,"column":27},"end":{"line":81,"column":74}},"41":{"start":{"line":82,"column":6},"end":{"line":90,"column":7}},"42":{"start":{"line":83,"column":8},"end":{"line":83,"column":null}},"43":{"start":{"line":86,"column":29},"end":{"line":86,"column":74}},"44":{"start":{"line":87,"column":8},"end":{"line":87,"column":null}},"45":{"start":{"line":89,"column":8},"end":{"line":89,"column":null}},"46":{"start":{"line":92,"column":23},"end":{"line":92,"column":100}},"47":{"start":{"line":93,"column":6},"end":{"line":93,"column":null}},"48":{"start":{"line":94,"column":6},"end":{"line":94,"column":null}},"49":{"start":{"line":97,"column":4},"end":{"line":97,"column":null}},"50":{"start":{"line":101,"column":2},"end":{"line":101,"column":null}},"51":{"start":{"line":102,"column":2},"end":{"line":115,"column":3}},"52":{"start":{"line":103,"column":4},"end":{"line":103,"column":null}},"53":{"start":{"line":104,"column":20},"end":{"line":104,"column":71}},"54":{"start":{"line":105,"column":4},"end":{"line":110,"column":5}},"55":{"start":{"line":106,"column":6},"end":{"line":106,"column":null}},"56":{"start":{"line":107,"column":6},"end":{"line":107,"column":null}},"57":{"start":{"line":109,"column":6},"end":{"line":109,"column":null}},"58":{"start":{"line":112,"column":21},"end":{"line":112,"column":79}},"59":{"start":{"line":113,"column":4},"end":{"line":113,"column":null}},"60":{"start":{"line":114,"column":4},"end":{"line":114,"column":null}},"61":{"start":{"line":118,"column":2},"end":{"line":118,"column":null}},"62":{"start":{"line":119,"column":2},"end":{"line":122,"column":3}},"63":{"start":{"line":120,"column":4},"end":{"line":120,"column":null}},"64":{"start":{"line":121,"column":4},"end":{"line":121,"column":null}},"65":{"start":{"line":121,"column":38},"end":{"line":121,"column":71}},"66":{"start":{"line":124,"column":2},"end":{"line":124,"column":null}},"67":{"start":{"line":135,"column":2},"end":{"line":137,"column":3}},"68":{"start":{"line":136,"column":4},"end":{"line":136,"column":null}},"69":{"start":{"line":140,"column":24},"end":{"line":140,"column":87}},"70":{"start":{"line":140,"column":48},"end":{"line":140,"column":86}},"71":{"start":{"line":142,"column":2},"end":{"line":145,"column":3}},"72":{"start":{"line":143,"column":4},"end":{"line":143,"column":null}},"73":{"start":{"line":144,"column":4},"end":{"line":144,"column":null}},"74":{"start":{"line":147,"column":22},"end":{"line":147,"column":73}},"75":{"start":{"line":147,"column":47},"end":{"line":147,"column":72}},"76":{"start":{"line":149,"column":2},"end":{"line":179,"column":3}},"77":{"start":{"line":151,"column":22},"end":{"line":151,"column":69}},"78":{"start":{"line":154,"column":4},"end":{"line":175,"column":null}},"79":{"start":{"line":156,"column":6},"end":{"line":171,"column":7}},"80":{"start":{"line":157,"column":27},"end":{"line":157,"column":49}},"81":{"start":{"line":158,"column":27},"end":{"line":158,"column":48}},"82":{"start":{"line":161,"column":8},"end":{"line":170,"column":9}},"83":{"start":{"line":163,"column":10},"end":{"line":167,"column":null}},"84":{"start":{"line":174,"column":6},"end":{"line":174,"column":null}},"85":{"start":{"line":177,"column":4},"end":{"line":177,"column":null}},"86":{"start":{"line":178,"column":4},"end":{"line":178,"column":null}},"87":{"start":{"line":183,"column":46},"end":{"line":183,"column":48}},"88":{"start":{"line":185,"column":2},"end":{"line":193,"column":3}},"89":{"start":{"line":186,"column":4},"end":{"line":192,"column":5}},"90":{"start":{"line":187,"column":21},"end":{"line":187,"column":66}},"91":{"start":{"line":188,"column":6},"end":{"line":188,"column":null}},"92":{"start":{"line":190,"column":6},"end":{"line":190,"column":null}},"93":{"start":{"line":191,"column":6},"end":{"line":191,"column":33}},"94":{"start":{"line":195,"column":2},"end":{"line":195,"column":null}},"95":{"start":{"line":206,"column":2},"end":{"line":209,"column":3}},"96":{"start":{"line":207,"column":4},"end":{"line":207,"column":null}},"97":{"start":{"line":208,"column":4},"end":{"line":208,"column":null}},"98":{"start":{"line":211,"column":2},"end":{"line":214,"column":3}},"99":{"start":{"line":212,"column":4},"end":{"line":212,"column":null}},"100":{"start":{"line":213,"column":4},"end":{"line":213,"column":null}},"101":{"start":{"line":217,"column":25},"end":{"line":217,"column":92}},"102":{"start":{"line":217,"column":54},"end":{"line":217,"column":91}},"103":{"start":{"line":218,"column":2},"end":{"line":220,"column":3}},"104":{"start":{"line":219,"column":4},"end":{"line":219,"column":null}},"105":{"start":{"line":223,"column":2},"end":{"line":226,"column":null}},"106":{"start":{"line":223,"column":37},"end":{"line":225,"column":null}},"107":{"start":{"line":236,"column":2},"end":{"line":238,"column":3}},"108":{"start":{"line":237,"column":4},"end":{"line":237,"column":null}},"109":{"start":{"line":240,"column":2},"end":{"line":240,"column":null}},"110":{"start":{"line":240,"column":38},"end":{"line":240,"column":57}}},"fnMap":{"0":{"name":"getBuildingData","decl":{"start":{"line":22,"column":22},"end":{"line":22,"column":37}},"loc":{"start":{"line":22,"column":66},"end":{"line":125,"column":null}}},"1":{"name":"(anonymous_9)","decl":{"start":{"line":121,"column":26},"end":{"line":121,"column":27}},"loc":{"start":{"line":121,"column":38},"end":{"line":121,"column":71}}},"2":{"name":"enrichBuildingsWithRnbIds","decl":{"start":{"line":134,"column":22},"end":{"line":134,"column":47}},"loc":{"start":{"line":134,"column":81},"end":{"line":180,"column":null}}},"3":{"name":"(anonymous_12)","decl":{"start":{"line":140,"column":41},"end":{"line":140,"column":42}},"loc":{"start":{"line":140,"column":48},"end":{"line":140,"column":86}}},"4":{"name":"(anonymous_13)","decl":{"start":{"line":147,"column":40},"end":{"line":147,"column":41}},"loc":{"start":{"line":147,"column":47},"end":{"line":147,"column":72}}},"5":{"name":"(anonymous_14)","decl":{"start":{"line":154,"column":25},"end":{"line":154,"column":26}},"loc":{"start":{"line":154,"column":38},"end":{"line":175,"column":5}}},"6":{"name":"fetchRnbIdsForMultipleGroups","decl":{"start":{"line":182,"column":15},"end":{"line":182,"column":43}},"loc":{"start":{"line":182,"column":65},"end":{"line":196,"column":null}}},"7":{"name":"selectBuilding","decl":{"start":{"line":205,"column":16},"end":{"line":205,"column":30}},"loc":{"start":{"line":205,"column":84},"end":{"line":227,"column":1}}},"8":{"name":"(anonymous_18)","decl":{"start":{"line":217,"column":40},"end":{"line":217,"column":41}},"loc":{"start":{"line":217,"column":54},"end":{"line":217,"column":91}}},"9":{"name":"(anonymous_19)","decl":{"start":{"line":223,"column":23},"end":{"line":223,"column":24}},"loc":{"start":{"line":223,"column":37},"end":{"line":225,"column":null}}},"10":{"name":"getSelectedBuilding","decl":{"start":{"line":235,"column":16},"end":{"line":235,"column":35}},"loc":{"start":{"line":235,"column":69},"end":{"line":241,"column":1}}},"11":{"name":"(anonymous_21)","decl":{"start":{"line":240,"column":24},"end":{"line":240,"column":25}},"loc":{"start":{"line":240,"column":38},"end":{"line":240,"column":57}}}},"branchMap":{"0":{"loc":{"start":{"line":30,"column":93},"end":{"line":30,"column":107}},"type":"binary-expr","locations":[{"start":{"line":30,"column":93},"end":{"line":30,"column":98}},{"start":{"line":30,"column":102},"end":{"line":30,"column":107}}]},"1":{"loc":{"start":{"line":41,"column":4},"end":{"line":49,"column":5}},"type":"if","locations":[{"start":{"line":41,"column":4},"end":{"line":49,"column":5}},{"start":{"line":47,"column":11},"end":{"line":49,"column":5}}]},"2":{"loc":{"start":{"line":41,"column":8},"end":{"line":41,"column":39}},"type":"binary-expr","locations":[{"start":{"line":41,"column":8},"end":{"line":41,"column":16}},{"start":{"line":41,"column":20},"end":{"line":41,"column":39}}]},"3":{"loc":{"start":{"line":51,"column":56},"end":{"line":51,"column":88}},"type":"binary-expr","locations":[{"start":{"line":51,"column":56},"end":{"line":51,"column":69}},{"start":{"line":51,"column":73},"end":{"line":51,"column":88}}]},"4":{"loc":{"start":{"line":57,"column":2},"end":{"line":98,"column":3}},"type":"if","locations":[{"start":{"line":57,"column":2},"end":{"line":98,"column":3}},{"start":{"line":96,"column":9},"end":{"line":98,"column":3}}]},"5":{"loc":{"start":{"line":62,"column":6},"end":{"line":70,"column":7}},"type":"if","locations":[{"start":{"line":62,"column":6},"end":{"line":70,"column":7}},{"start":{"line":68,"column":13},"end":{"line":70,"column":7}}]},"6":{"loc":{"start":{"line":62,"column":10},"end":{"line":62,"column":53}},"type":"binary-expr","locations":[{"start":{"line":62,"column":10},"end":{"line":62,"column":24}},{"start":{"line":62,"column":28},"end":{"line":62,"column":53}}]},"7":{"loc":{"start":{"line":72,"column":64},"end":{"line":72,"column":96}},"type":"binary-expr","locations":[{"start":{"line":72,"column":64},"end":{"line":72,"column":77}},{"start":{"line":72,"column":81},"end":{"line":72,"column":96}}]},"8":{"loc":{"start":{"line":82,"column":6},"end":{"line":90,"column":7}},"type":"if","locations":[{"start":{"line":82,"column":6},"end":{"line":90,"column":7}},{"start":{"line":88,"column":13},"end":{"line":90,"column":7}}]},"9":{"loc":{"start":{"line":82,"column":10},"end":{"line":82,"column":49}},"type":"binary-expr","locations":[{"start":{"line":82,"column":10},"end":{"line":82,"column":22}},{"start":{"line":82,"column":26},"end":{"line":82,"column":49}}]},"10":{"loc":{"start":{"line":92,"column":66},"end":{"line":92,"column":98}},"type":"binary-expr","locations":[{"start":{"line":92,"column":66},"end":{"line":92,"column":79}},{"start":{"line":92,"column":83},"end":{"line":92,"column":98}}]},"11":{"loc":{"start":{"line":105,"column":4},"end":{"line":110,"column":5}},"type":"if","locations":[{"start":{"line":105,"column":4},"end":{"line":110,"column":5}},{"start":{"line":108,"column":11},"end":{"line":110,"column":5}}]},"12":{"loc":{"start":{"line":105,"column":8},"end":{"line":105,"column":37}},"type":"binary-expr","locations":[{"start":{"line":105,"column":8},"end":{"line":105,"column":15}},{"start":{"line":105,"column":19},"end":{"line":105,"column":37}}]},"13":{"loc":{"start":{"line":112,"column":45},"end":{"line":112,"column":77}},"type":"binary-expr","locations":[{"start":{"line":112,"column":45},"end":{"line":112,"column":58}},{"start":{"line":112,"column":62},"end":{"line":112,"column":77}}]},"14":{"loc":{"start":{"line":119,"column":2},"end":{"line":122,"column":3}},"type":"if","locations":[{"start":{"line":119,"column":2},"end":{"line":122,"column":3}},{"start":{},"end":{}}]},"15":{"loc":{"start":{"line":135,"column":2},"end":{"line":137,"column":3}},"type":"if","locations":[{"start":{"line":135,"column":2},"end":{"line":137,"column":3}},{"start":{},"end":{}}]},"16":{"loc":{"start":{"line":135,"column":6},"end":{"line":135,"column":42}},"type":"binary-expr","locations":[{"start":{"line":135,"column":6},"end":{"line":135,"column":16}},{"start":{"line":135,"column":20},"end":{"line":135,"column":42}}]},"17":{"loc":{"start":{"line":140,"column":48},"end":{"line":140,"column":86}},"type":"binary-expr","locations":[{"start":{"line":140,"column":48},"end":{"line":140,"column":67}},{"start":{"line":140,"column":71},"end":{"line":140,"column":86}}]},"18":{"loc":{"start":{"line":142,"column":2},"end":{"line":145,"column":3}},"type":"if","locations":[{"start":{"line":142,"column":2},"end":{"line":145,"column":3}},{"start":{},"end":{}}]},"19":{"loc":{"start":{"line":156,"column":6},"end":{"line":171,"column":7}},"type":"if","locations":[{"start":{"line":156,"column":6},"end":{"line":171,"column":7}},{"start":{},"end":{}}]},"20":{"loc":{"start":{"line":156,"column":10},"end":{"line":156,"column":62}},"type":"binary-expr","locations":[{"start":{"line":156,"column":10},"end":{"line":156,"column":36}},{"start":{"line":156,"column":40},"end":{"line":156,"column":62}}]},"21":{"loc":{"start":{"line":161,"column":8},"end":{"line":170,"column":9}},"type":"if","locations":[{"start":{"line":161,"column":8},"end":{"line":170,"column":9}},{"start":{},"end":{}}]},"22":{"loc":{"start":{"line":161,"column":12},"end":{"line":161,"column":47}},"type":"binary-expr","locations":[{"start":{"line":161,"column":12},"end":{"line":161,"column":22}},{"start":{"line":161,"column":26},"end":{"line":161,"column":47}}]},"23":{"loc":{"start":{"line":206,"column":2},"end":{"line":209,"column":3}},"type":"if","locations":[{"start":{"line":206,"column":2},"end":{"line":209,"column":3}},{"start":{},"end":{}}]},"24":{"loc":{"start":{"line":206,"column":6},"end":{"line":206,"column":42}},"type":"binary-expr","locations":[{"start":{"line":206,"column":6},"end":{"line":206,"column":16}},{"start":{"line":206,"column":20},"end":{"line":206,"column":42}}]},"25":{"loc":{"start":{"line":208,"column":11},"end":{"line":208,"column":26}},"type":"binary-expr","locations":[{"start":{"line":208,"column":11},"end":{"line":208,"column":20}},{"start":{"line":208,"column":24},"end":{"line":208,"column":26}}]},"26":{"loc":{"start":{"line":211,"column":2},"end":{"line":214,"column":3}},"type":"if","locations":[{"start":{"line":211,"column":2},"end":{"line":214,"column":3}},{"start":{},"end":{}}]},"27":{"loc":{"start":{"line":218,"column":2},"end":{"line":220,"column":3}},"type":"if","locations":[{"start":{"line":218,"column":2},"end":{"line":220,"column":3}},{"start":{},"end":{}}]},"28":{"loc":{"start":{"line":236,"column":2},"end":{"line":238,"column":3}},"type":"if","locations":[{"start":{"line":236,"column":2},"end":{"line":238,"column":3}},{"start":{},"end":{}}]},"29":{"loc":{"start":{"line":236,"column":6},"end":{"line":236,"column":42}},"type":"binary-expr","locations":[{"start":{"line":236,"column":6},"end":{"line":236,"column":16}},{"start":{"line":236,"column":20},"end":{"line":236,"column":42}}]},"30":{"loc":{"start":{"line":240,"column":9},"end":{"line":240,"column":74}},"type":"binary-expr","locations":[{"start":{"line":240,"column":9},"end":{"line":240,"column":58}},{"start":{"line":240,"column":62},"end":{"line":240,"column":74}}]}},"s":{"0":0,"1":0,"2":0,"3":0,"4":0,"5":0,"6":0,"7":0,"8":0,"9":0,"10":0,"11":0,"12":0,"13":0,"14":0,"15":0,"16":0,"17":0,"18":0,"19":0,"20":0,"21":0,"22":0,"23":0,"24":0,"25":0,"26":0,"27":0,"28":0,"29":0,"30":0,"31":0,"32":0,"33":0,"34":0,"35":0,"36":0,"37":0,"38":0,"39":0,"40":0,"41":0,"42":0,"43":0,"44":0,"45":0,"46":0,"47":0,"48":0,"49":0,"50":0,"51":0,"52":0,"53":0,"54":0,"55":0,"56":0,"57":0,"58":0,"59":0,"60":0,"61":0,"62":0,"63":0,"64":0,"65":0,"66":0,"67":0,"68":0,"69":0,"70":0,"71":0,"72":0,"73":0,"74":0,"75":0,"76":0,"77":0,"78":0,"79":0,"80":0,"81":0,"82":0,"83":0,"84":0,"85":0,"86":0,"87":0,"88":0,"89":0,"90":0,"91":0,"92":0,"93":0,"94":0,"95":0,"96":0,"97":0,"98":0,"99":0,"100":0,"101":0,"102":0,"103":0,"104":0,"105":0,"106":0,"107":0,"108":0,"109":0,"110":0},"f":{"0":0,"1":0,"2":0,"3":0,"4":0,"5":0,"6":0,"7":0,"8":0,"9":0,"10":0,"11":0},"b":{"0":[0,0],"1":[0,0],"2":[0,0],"3":[0,0],"4":[0,0],"5":[0,0],"6":[0,0],"7":[0,0],"8":[0,0],"9":[0,0],"10":[0,0],"11":[0,0],"12":[0,0],"13":[0,0],"14":[0,0],"15":[0,0],"16":[0,0],"17":[0,0],"18":[0,0],"19":[0,0],"20":[0,0],"21":[0,0],"22":[0,0],"23":[0,0],"24":[0,0],"25":[0,0],"26":[0,0],"27":[0,0],"28":[0,0],"29":[0,0],"30":[0,0]}}
,"/project/workspace/lib/financialAidService.ts": {"path":"/project/workspace/lib/financialAidService.ts","statementMap":{"0":{"start":{"line":31,"column":0},"end":{"line":31,"column":22}},"1":{"start":{"line":72,"column":0},"end":{"line":72,"column":22}},"2":{"start":{"line":108,"column":0},"end":{"line":108,"column":16}},"3":{"start":{"line":144,"column":0},"end":{"line":144,"column":16}},"4":{"start":{"line":186,"column":0},"end":{"line":186,"column":16}},"5":{"start":{"line":219,"column":0},"end":{"line":219,"column":16}},"6":{"start":{"line":261,"column":0},"end":{"line":261,"column":22}},"7":{"start":{"line":1,"column":0},"end":{"line":1,"column":53}},"8":{"start":{"line":2,"column":0},"end":{"line":2,"column":37}},"9":{"start":{"line":15,"column":17},"end":{"line":15,"column":58}},"10":{"start":{"line":16,"column":19},"end":{"line":16,"column":110}},"11":{"start":{"line":21,"column":19},"end":{"line":24,"column":2}},"12":{"start":{"line":21,"column":26},"end":{"line":24,"column":2}},"13":{"start":{"line":32,"column":2},"end":{"line":32,"column":null}},"14":{"start":{"line":34,"column":2},"end":{"line":64,"column":3}},"15":{"start":{"line":35,"column":21},"end":{"line":37,"column":6}},"16":{"start":{"line":39,"column":4},"end":{"line":50,"column":5}},"17":{"start":{"line":40,"column":24},"end":{"line":40,"column":74}},"18":{"start":{"line":40,"column":58},"end":{"line":40,"column":73}},"19":{"start":{"line":41,"column":6},"end":{"line":41,"column":null}},"20":{"start":{"line":43,"column":6},"end":{"line":49,"column":7}},"21":{"start":{"line":44,"column":8},"end":{"line":44,"column":null}},"22":{"start":{"line":45,"column":13},"end":{"line":49,"column":7}},"23":{"start":{"line":46,"column":8},"end":{"line":46,"column":null}},"24":{"start":{"line":48,"column":8},"end":{"line":48,"column":null}},"25":{"start":{"line":52,"column":17},"end":{"line":52,"column":62}},"26":{"start":{"line":54,"column":4},"end":{"line":57,"column":5}},"27":{"start":{"line":55,"column":6},"end":{"line":55,"column":null}},"28":{"start":{"line":56,"column":6},"end":{"line":56,"column":null}},"29":{"start":{"line":59,"column":4},"end":{"line":59,"column":null}},"30":{"start":{"line":60,"column":4},"end":{"line":60,"column":null}},"31":{"start":{"line":62,"column":4},"end":{"line":62,"column":null}},"32":{"start":{"line":63,"column":4},"end":{"line":63,"column":null}},"33":{"start":{"line":73,"column":2},"end":{"line":73,"column":null}},"34":{"start":{"line":75,"column":2},"end":{"line":99,"column":3}},"35":{"start":{"line":76,"column":21},"end":{"line":78,"column":6}},"36":{"start":{"line":80,"column":4},"end":{"line":91,"column":5}},"37":{"start":{"line":81,"column":24},"end":{"line":81,"column":74}},"38":{"start":{"line":81,"column":58},"end":{"line":81,"column":73}},"39":{"start":{"line":82,"column":6},"end":{"line":82,"column":null}},"40":{"start":{"line":84,"column":6},"end":{"line":90,"column":7}},"41":{"start":{"line":85,"column":8},"end":{"line":85,"column":null}},"42":{"start":{"line":86,"column":13},"end":{"line":90,"column":7}},"43":{"start":{"line":87,"column":8},"end":{"line":87,"column":null}},"44":{"start":{"line":89,"column":8},"end":{"line":89,"column":null}},"45":{"start":{"line":93,"column":17},"end":{"line":93,"column":65}},"46":{"start":{"line":94,"column":4},"end":{"line":94,"column":null}},"47":{"start":{"line":95,"column":4},"end":{"line":95,"column":null}},"48":{"start":{"line":97,"column":4},"end":{"line":97,"column":null}},"49":{"start":{"line":98,"column":4},"end":{"line":98,"column":null}},"50":{"start":{"line":109,"column":2},"end":{"line":111,"column":3}},"51":{"start":{"line":110,"column":4},"end":{"line":110,"column":null}},"52":{"start":{"line":113,"column":2},"end":{"line":134,"column":3}},"53":{"start":{"line":121,"column":26},"end":{"line":129,"column":9}},"54":{"start":{"line":122,"column":25},"end":{"line":126,"column":null}},"55":{"start":{"line":127,"column":23},"end":{"line":127,"column":46}},"56":{"start":{"line":128,"column":6},"end":{"line":128,"column":null}},"57":{"start":{"line":131,"column":4},"end":{"line":133,"column":5}},"58":{"start":{"line":132,"column":6},"end":{"line":132,"column":null}},"59":{"start":{"line":136,"column":2},"end":{"line":136,"column":null}},"60":{"start":{"line":150,"column":2},"end":{"line":152,"column":3}},"61":{"start":{"line":151,"column":4},"end":{"line":151,"column":null}},"62":{"start":{"line":155,"column":32},"end":{"line":157,"column":20}},"63":{"start":{"line":159,"column":2},"end":{"line":161,"column":3}},"64":{"start":{"line":160,"column":4},"end":{"line":160,"column":null}},"65":{"start":{"line":166,"column":28},"end":{"line":170,"column":3}},"66":{"start":{"line":167,"column":19},"end":{"line":167,"column":79}},"67":{"start":{"line":167,"column":53},"end":{"line":167,"column":62}},"68":{"start":{"line":168,"column":19},"end":{"line":168,"column":72}},"69":{"start":{"line":169,"column":4},"end":{"line":169,"column":null}},"70":{"start":{"line":172,"column":21},"end":{"line":172,"column":70}},"71":{"start":{"line":174,"column":2},"end":{"line":176,"column":3}},"72":{"start":{"line":175,"column":4},"end":{"line":175,"column":null}},"73":{"start":{"line":178,"column":2},"end":{"line":178,"column":null}},"74":{"start":{"line":187,"column":23},"end":{"line":187,"column":48}},"75":{"start":{"line":188,"column":25},"end":{"line":188,"column":60}},"76":{"start":{"line":191,"column":2},"end":{"line":208,"column":3}},"77":{"start":{"line":196,"column":4},"end":{"line":196,"column":null}},"78":{"start":{"line":197,"column":9},"end":{"line":208,"column":3}},"79":{"start":{"line":202,"column":4},"end":{"line":202,"column":null}},"80":{"start":{"line":203,"column":9},"end":{"line":208,"column":3}},"81":{"start":{"line":207,"column":4},"end":{"line":207,"column":null}},"82":{"start":{"line":211,"column":2},"end":{"line":211,"column":null}},"83":{"start":{"line":220,"column":2},"end":{"line":223,"column":3}},"84":{"start":{"line":221,"column":4},"end":{"line":221,"column":null}},"85":{"start":{"line":222,"column":4},"end":{"line":222,"column":null}},"86":{"start":{"line":225,"column":2},"end":{"line":225,"column":null}},"87":{"start":{"line":227,"column":2},"end":{"line":252,"column":null}},"88":{"start":{"line":228,"column":21},"end":{"line":249,"column":null}},"89":{"start":{"line":251,"column":4},"end":{"line":251,"column":null}},"90":{"start":{"line":262,"column":2},"end":{"line":278,"column":3}},"91":{"start":{"line":264,"column":18},"end":{"line":264,"column":89}},"92":{"start":{"line":266,"column":4},"end":{"line":268,"column":5}},"93":{"start":{"line":267,"column":6},"end":{"line":267,"column":null}},"94":{"start":{"line":271,"column":24},"end":{"line":271,"column":53}},"95":{"start":{"line":274,"column":4},"end":{"line":274,"column":null}},"96":{"start":{"line":276,"column":4},"end":{"line":276,"column":null}},"97":{"start":{"line":277,"column":4},"end":{"line":277,"column":null}}},"fnMap":{"0":{"name":"(anonymous_7)","decl":{"start":{"line":21,"column":19},"end":{"line":21,"column":22}},"loc":{"start":{"line":21,"column":26},"end":{"line":24,"column":2}}},"1":{"name":"getInseeByPostcode","decl":{"start":{"line":31,"column":22},"end":{"line":31,"column":40}},"loc":{"start":{"line":31,"column":57},"end":{"line":65,"column":null}}},"2":{"name":"(anonymous_10)","decl":{"start":{"line":40,"column":52},"end":{"line":40,"column":55}},"loc":{"start":{"line":40,"column":58},"end":{"line":40,"column":73}}},"3":{"name":"getFinancialAids","decl":{"start":{"line":72,"column":22},"end":{"line":72,"column":38}},"loc":{"start":{"line":72,"column":56},"end":{"line":100,"column":null}}},"4":{"name":"(anonymous_13)","decl":{"start":{"line":81,"column":52},"end":{"line":81,"column":55}},"loc":{"start":{"line":81,"column":58},"end":{"line":81,"column":73}}},"5":{"name":"formatAmount","decl":{"start":{"line":108,"column":16},"end":{"line":108,"column":28}},"loc":{"start":{"line":108,"column":84},"end":{"line":137,"column":1}}},"6":{"name":"(anonymous_15)","decl":{"start":{"line":121,"column":42},"end":{"line":121,"column":43}},"loc":{"start":{"line":121,"column":59},"end":{"line":129,"column":5}}},"7":{"name":"formatConditions","decl":{"start":{"line":144,"column":16},"end":{"line":144,"column":32}},"loc":{"start":{"line":145,"column":62},"end":{"line":179,"column":1}}},"8":{"name":"(anonymous_17)","decl":{"start":{"line":166,"column":28},"end":{"line":166,"column":29}},"loc":{"start":{"line":166,"column":61},"end":{"line":170,"column":3}}},"9":{"name":"(anonymous_18)","decl":{"start":{"line":167,"column":48},"end":{"line":167,"column":49}},"loc":{"start":{"line":167,"column":53},"end":{"line":167,"column":62}}},"10":{"name":"determineIcon","decl":{"start":{"line":186,"column":16},"end":{"line":186,"column":29}},"loc":{"start":{"line":186,"column":41},"end":{"line":212,"column":1}}},"11":{"name":"mapApiAidsToUiAids","decl":{"start":{"line":219,"column":16},"end":{"line":219,"column":34}},"loc":{"start":{"line":219,"column":71},"end":{"line":253,"column":1}}},"12":{"name":"(anonymous_21)","decl":{"start":{"line":227,"column":31},"end":{"line":227,"column":32}},"loc":{"start":{"line":227,"column":47},"end":{"line":252,"column":3}}},"13":{"name":"getFinancialAidsForDisplay","decl":{"start":{"line":261,"column":22},"end":{"line":261,"column":48}},"loc":{"start":{"line":261,"column":88},"end":{"line":279,"column":null}}}},"branchMap":{"0":{"loc":{"start":{"line":16,"column":19},"end":{"line":16,"column":110}},"type":"binary-expr","locations":[{"start":{"line":16,"column":19},"end":{"line":16,"column":56}},{"start":{"line":16,"column":60},"end":{"line":16,"column":110}}]},"1":{"loc":{"start":{"line":39,"column":4},"end":{"line":50,"column":5}},"type":"if","locations":[{"start":{"line":39,"column":4},"end":{"line":50,"column":5}},{"start":{},"end":{}}]},"2":{"loc":{"start":{"line":43,"column":6},"end":{"line":49,"column":7}},"type":"if","locations":[{"start":{"line":43,"column":6},"end":{"line":49,"column":7}},{"start":{"line":45,"column":13},"end":{"line":49,"column":7}}]},"3":{"loc":{"start":{"line":45,"column":13},"end":{"line":49,"column":7}},"type":"if","locations":[{"start":{"line":45,"column":13},"end":{"line":49,"column":7}},{"start":{"line":47,"column":13},"end":{"line":49,"column":7}}]},"4":{"loc":{"start":{"line":54,"column":4},"end":{"line":57,"column":5}},"type":"if","locations":[{"start":{"line":54,"column":4},"end":{"line":57,"column":5}},{"start":{},"end":{}}]},"5":{"loc":{"start":{"line":54,"column":8},"end":{"line":54,"column":34}},"type":"binary-expr","locations":[{"start":{"line":54,"column":8},"end":{"line":54,"column":13}},{"start":{"line":54,"column":17},"end":{"line":54,"column":34}}]},"6":{"loc":{"start":{"line":63,"column":10},"end":{"line":63,"column":94}},"type":"cond-expr","locations":[{"start":{"line":63,"column":35},"end":{"line":63,"column":40}},{"start":{"line":63,"column":43},"end":{"line":63,"column":94}}]},"7":{"loc":{"start":{"line":80,"column":4},"end":{"line":91,"column":5}},"type":"if","locations":[{"start":{"line":80,"column":4},"end":{"line":91,"column":5}},{"start":{},"end":{}}]},"8":{"loc":{"start":{"line":84,"column":6},"end":{"line":90,"column":7}},"type":"if","locations":[{"start":{"line":84,"column":6},"end":{"line":90,"column":7}},{"start":{"line":86,"column":13},"end":{"line":90,"column":7}}]},"9":{"loc":{"start":{"line":86,"column":13},"end":{"line":90,"column":7}},"type":"if","locations":[{"start":{"line":86,"column":13},"end":{"line":90,"column":7}},{"start":{"line":88,"column":13},"end":{"line":90,"column":7}}]},"10":{"loc":{"start":{"line":98,"column":10},"end":{"line":98,"column":103}},"type":"cond-expr","locations":[{"start":{"line":98,"column":35},"end":{"line":98,"column":40}},{"start":{"line":98,"column":43},"end":{"line":98,"column":103}}]},"11":{"loc":{"start":{"line":109,"column":2},"end":{"line":111,"column":3}},"type":"if","locations":[{"start":{"line":109,"column":2},"end":{"line":111,"column":3}},{"start":{},"end":{}}]},"12":{"loc":{"start":{"line":109,"column":6},"end":{"line":109,"column":51}},"type":"binary-expr","locations":[{"start":{"line":109,"column":6},"end":{"line":109,"column":29}},{"start":{"line":109,"column":33},"end":{"line":109,"column":51}}]},"13":{"loc":{"start":{"line":113,"column":2},"end":{"line":134,"column":3}},"type":"if","locations":[{"start":{"line":113,"column":2},"end":{"line":134,"column":3}},{"start":{},"end":{}}]},"14":{"loc":{"start":{"line":113,"column":6},"end":{"line":113,"column":37}},"type":"binary-expr","locations":[{"start":{"line":113,"column":6},"end":{"line":113,"column":14}},{"start":{"line":113,"column":18},"end":{"line":113,"column":37}}]},"15":{"loc":{"start":{"line":123,"column":8},"end":{"line":123,"column":36}},"type":"cond-expr","locations":[{"start":{"line":123,"column":31},"end":{"line":123,"column":35}},{"start":{"line":123,"column":35},"end":{"line":123,"column":36}}]},"16":{"loc":{"start":{"line":123,"column":8},"end":{"line":123,"column":35}},"type":"binary-expr","locations":[{"start":{"line":123,"column":8},"end":{"line":123,"column":35}},{"start":{"line":123,"column":31},"end":{"line":123,"column":35}}]},"17":{"loc":{"start":{"line":123,"column":8},"end":{"line":123,"column":31}},"type":"cond-expr","locations":[{"start":{"line":123,"column":23},"end":{"line":123,"column":25}},{"start":{"line":123,"column":23},"end":{"line":123,"column":31}}]},"18":{"loc":{"start":{"line":123,"column":8},"end":{"line":123,"column":25}},"type":"binary-expr","locations":[{"start":{"line":123,"column":8},"end":{"line":123,"column":25}},{"start":{"line":123,"column":23},"end":{"line":123,"column":25}}]},"19":{"loc":{"start":{"line":124,"column":8},"end":{"line":124,"column":31}},"type":"cond-expr","locations":[{"start":{"line":124,"column":26},"end":{"line":124,"column":30}},{"start":{"line":124,"column":30},"end":{"line":124,"column":31}}]},"20":{"loc":{"start":{"line":124,"column":8},"end":{"line":124,"column":30}},"type":"binary-expr","locations":[{"start":{"line":124,"column":8},"end":{"line":124,"column":30}},{"start":{"line":124,"column":26},"end":{"line":124,"column":30}}]},"21":{"loc":{"start":{"line":125,"column":8},"end":{"line":125,"column":27}},"type":"cond-expr","locations":[{"start":{"line":125,"column":22},"end":{"line":125,"column":26}},{"start":{"line":125,"column":26},"end":{"line":125,"column":27}}]},"22":{"loc":{"start":{"line":125,"column":8},"end":{"line":125,"column":26}},"type":"binary-expr","locations":[{"start":{"line":125,"column":8},"end":{"line":125,"column":26}},{"start":{"line":125,"column":22},"end":{"line":125,"column":26}}]},"23":{"loc":{"start":{"line":128,"column":13},"end":{"line":128,"column":44}},"type":"cond-expr","locations":[{"start":{"line":128,"column":30},"end":{"line":128,"column":38}},{"start":{"line":128,"column":41},"end":{"line":128,"column":44}}]},"24":{"loc":{"start":{"line":131,"column":4},"end":{"line":133,"column":5}},"type":"if","locations":[{"start":{"line":131,"column":4},"end":{"line":133,"column":5}},{"start":{},"end":{}}]},"25":{"loc":{"start":{"line":150,"column":2},"end":{"line":152,"column":3}},"type":"if","locations":[{"start":{"line":150,"column":2},"end":{"line":152,"column":3}},{"start":{},"end":{}}]},"26":{"loc":{"start":{"line":155,"column":32},"end":{"line":157,"column":20}},"type":"cond-expr","locations":[{"start":{"line":156,"column":6},"end":{"line":156,"column":34}},{"start":{"line":157,"column":6},"end":{"line":157,"column":20}}]},"27":{"loc":{"start":{"line":159,"column":2},"end":{"line":161,"column":3}},"type":"if","locations":[{"start":{"line":159,"column":2},"end":{"line":161,"column":3}},{"start":{},"end":{}}]},"28":{"loc":{"start":{"line":167,"column":20},"end":{"line":167,"column":42}},"type":"binary-expr","locations":[{"start":{"line":167,"column":20},"end":{"line":167,"column":36}},{"start":{"line":167,"column":40},"end":{"line":167,"column":42}}]},"29":{"loc":{"start":{"line":168,"column":20},"end":{"line":168,"column":44}},"type":"binary-expr","locations":[{"start":{"line":168,"column":20},"end":{"line":168,"column":38}},{"start":{"line":168,"column":42},"end":{"line":168,"column":44}}]},"30":{"loc":{"start":{"line":174,"column":2},"end":{"line":176,"column":3}},"type":"if","locations":[{"start":{"line":174,"column":2},"end":{"line":176,"column":3}},{"start":{},"end":{}}]},"31":{"loc":{"start":{"line":191,"column":2},"end":{"line":208,"column":3}},"type":"if","locations":[{"start":{"line":191,"column":2},"end":{"line":208,"column":3}},{"start":{"line":197,"column":9},"end":{"line":208,"column":3}}]},"32":{"loc":{"start":{"line":192,"column":4},"end":{"line":194,"column":36}},"type":"binary-expr","locations":[{"start":{"line":192,"column":4},"end":{"line":192,"column":32}},{"start":{"line":193,"column":4},"end":{"line":193,"column":34}},{"start":{"line":194,"column":4},"end":{"line":194,"column":36}}]},"33":{"loc":{"start":{"line":197,"column":9},"end":{"line":208,"column":3}},"type":"if","locations":[{"start":{"line":197,"column":9},"end":{"line":208,"column":3}},{"start":{"line":203,"column":9},"end":{"line":208,"column":3}}]},"34":{"loc":{"start":{"line":198,"column":4},"end":{"line":200,"column":40}},"type":"binary-expr","locations":[{"start":{"line":198,"column":4},"end":{"line":198,"column":36}},{"start":{"line":199,"column":4},"end":{"line":199,"column":38}},{"start":{"line":200,"column":4},"end":{"line":200,"column":40}}]},"35":{"loc":{"start":{"line":203,"column":9},"end":{"line":208,"column":3}},"type":"if","locations":[{"start":{"line":203,"column":9},"end":{"line":208,"column":3}},{"start":{},"end":{}}]},"36":{"loc":{"start":{"line":204,"column":4},"end":{"line":205,"column":42}},"type":"binary-expr","locations":[{"start":{"line":204,"column":4},"end":{"line":204,"column":37}},{"start":{"line":205,"column":4},"end":{"line":205,"column":42}}]},"37":{"loc":{"start":{"line":220,"column":2},"end":{"line":223,"column":3}},"type":"if","locations":[{"start":{"line":220,"column":2},"end":{"line":223,"column":3}},{"start":{},"end":{}}]},"38":{"loc":{"start":{"line":220,"column":6},"end":{"line":220,"column":74}},"type":"binary-expr","locations":[{"start":{"line":220,"column":6},"end":{"line":220,"column":18}},{"start":{"line":220,"column":22},"end":{"line":220,"column":40}},{"start":{"line":220,"column":44},"end":{"line":220,"column":74}}]},"39":{"loc":{"start":{"line":241,"column":26},"end":{"line":241,"column":67}},"type":"cond-expr","locations":[{"start":{"line":241,"column":54},"end":{"line":241,"column":58}},{"start":{"line":241,"column":58},"end":{"line":241,"column":67}}]},"40":{"loc":{"start":{"line":241,"column":26},"end":{"line":241,"column":58}},"type":"binary-expr","locations":[{"start":{"line":241,"column":26},"end":{"line":241,"column":58}},{"start":{"line":241,"column":54},"end":{"line":241,"column":58}}]},"41":{"loc":{"start":{"line":242,"column":15},"end":{"line":242,"column":39}},"type":"cond-expr","locations":[{"start":{"line":242,"column":26},"end":{"line":242,"column":30}},{"start":{"line":242,"column":30},"end":{"line":242,"column":39}}]},"42":{"loc":{"start":{"line":242,"column":15},"end":{"line":242,"column":30}},"type":"binary-expr","locations":[{"start":{"line":242,"column":15},"end":{"line":242,"column":30}},{"start":{"line":242,"column":26},"end":{"line":242,"column":30}}]},"43":{"loc":{"start":{"line":243,"column":25},"end":{"line":243,"column":63}},"type":"cond-expr","locations":[{"start":{"line":243,"column":50},"end":{"line":243,"column":54}},{"start":{"line":243,"column":54},"end":{"line":243,"column":63}}]},"44":{"loc":{"start":{"line":243,"column":25},"end":{"line":243,"column":54}},"type":"binary-expr","locations":[{"start":{"line":243,"column":25},"end":{"line":243,"column":54}},{"start":{"line":243,"column":50},"end":{"line":243,"column":54}}]},"45":{"loc":{"start":{"line":244,"column":15},"end":{"line":244,"column":61}},"type":"cond-expr","locations":[{"start":{"line":244,"column":48},"end":{"line":244,"column":52}},{"start":{"line":244,"column":52},"end":{"line":244,"column":61}}]},"46":{"loc":{"start":{"line":244,"column":15},"end":{"line":244,"column":52}},"type":"binary-expr","locations":[{"start":{"line":244,"column":15},"end":{"line":244,"column":52}},{"start":{"line":244,"column":48},"end":{"line":244,"column":52}}]},"47":{"loc":{"start":{"line":244,"column":15},"end":{"line":244,"column":48}},"type":"cond-expr","locations":[{"start":{"line":244,"column":29},"end":{"line":244,"column":33}},{"start":{"line":244,"column":33},"end":{"line":244,"column":48}}]},"48":{"loc":{"start":{"line":244,"column":15},"end":{"line":244,"column":33}},"type":"binary-expr","locations":[{"start":{"line":244,"column":15},"end":{"line":244,"column":33}},{"start":{"line":244,"column":29},"end":{"line":244,"column":33}}]},"49":{"loc":{"start":{"line":245,"column":12},"end":{"line":245,"column":37}},"type":"cond-expr","locations":[{"start":{"line":245,"column":24},"end":{"line":245,"column":28}},{"start":{"line":245,"column":28},"end":{"line":245,"column":37}}]},"50":{"loc":{"start":{"line":245,"column":12},"end":{"line":245,"column":28}},"type":"binary-expr","locations":[{"start":{"line":245,"column":12},"end":{"line":245,"column":28}},{"start":{"line":245,"column":24},"end":{"line":245,"column":28}}]},"51":{"loc":{"start":{"line":246,"column":18},"end":{"line":246,"column":49}},"type":"cond-expr","locations":[{"start":{"line":246,"column":36},"end":{"line":246,"column":40}},{"start":{"line":246,"column":40},"end":{"line":246,"column":49}}]},"52":{"loc":{"start":{"line":246,"column":18},"end":{"line":246,"column":40}},"type":"binary-expr","locations":[{"start":{"line":246,"column":18},"end":{"line":246,"column":40}},{"start":{"line":246,"column":36},"end":{"line":246,"column":40}}]},"53":{"loc":{"start":{"line":247,"column":13},"end":{"line":247,"column":42}},"type":"cond-expr","locations":[{"start":{"line":247,"column":29},"end":{"line":247,"column":33}},{"start":{"line":247,"column":33},"end":{"line":247,"column":42}}]},"54":{"loc":{"start":{"line":247,"column":13},"end":{"line":247,"column":33}},"type":"binary-expr","locations":[{"start":{"line":247,"column":13},"end":{"line":247,"column":33}},{"start":{"line":247,"column":29},"end":{"line":247,"column":33}}]},"55":{"loc":{"start":{"line":248,"column":13},"end":{"line":248,"column":37}},"type":"cond-expr","locations":[{"start":{"line":248,"column":24},"end":{"line":248,"column":28}},{"start":{"line":248,"column":28},"end":{"line":248,"column":37}}]},"56":{"loc":{"start":{"line":248,"column":13},"end":{"line":248,"column":28}},"type":"binary-expr","locations":[{"start":{"line":248,"column":13},"end":{"line":248,"column":28}},{"start":{"line":248,"column":24},"end":{"line":248,"column":28}}]},"57":{"loc":{"start":{"line":264,"column":18},"end":{"line":264,"column":89}},"type":"binary-expr","locations":[{"start":{"line":264,"column":18},"end":{"line":264,"column":27}},{"start":{"line":264,"column":32},"end":{"line":264,"column":88}}]},"58":{"loc":{"start":{"line":264,"column":32},"end":{"line":264,"column":88}},"type":"cond-expr","locations":[{"start":{"line":264,"column":45},"end":{"line":264,"column":81}},{"start":{"line":264,"column":84},"end":{"line":264,"column":88}}]},"59":{"loc":{"start":{"line":266,"column":4},"end":{"line":268,"column":5}},"type":"if","locations":[{"start":{"line":266,"column":4},"end":{"line":268,"column":5}},{"start":{},"end":{}}]}},"s":{"0":0,"1":0,"2":0,"3":0,"4":0,"5":0,"6":0,"7":0,"8":0,"9":0,"10":0,"11":0,"12":0,"13":0,"14":0,"15":0,"16":0,"17":0,"18":0,"19":0,"20":0,"21":0,"22":0,"23":0,"24":0,"25":0,"26":0,"27":0,"28":0,"29":0,"30":0,"31":0,"32":0,"33":0,"34":0,"35":0,"36":0,"37":0,"38":0,"39":0,"40":0,"41":0,"42":0,"43":0,"44":0,"45":0,"46":0,"47":0,"48":0,"49":0,"50":0,"51":0,"52":0,"53":0,"54":0,"55":0,"56":0,"57":0,"58":0,"59":0,"60":0,"61":0,"62":0,"63":0,"64":0,"65":0,"66":0,"67":0,"68":0,"69":0,"70":0,"71":0,"72":0,"73":0,"74":0,"75":0,"76":0,"77":0,"78":0,"79":0,"80":0,"81":0,"82":0,"83":0,"84":0,"85":0,"86":0,"87":0,"88":0,"89":0,"90":0,"91":0,"92":0,"93":0,"94":0,"95":0,"96":0,"97":0},"f":{"0":0,"1":0,"2":0,"3":0,"4":0,"5":0,"6":0,"7":0,"8":0,"9":0,"10":0,"11":0,"12":0,"13":0},"b":{"0":[0,0],"1":[0,0],"2":[0,0],"3":[0,0],"4":[0,0],"5":[0,0],"6":[0,0],"7":[0,0],"8":[0,0],"9":[0,0],"10":[0,0],"11":[0,0],"12":[0,0],"13":[0,0],"14":[0,0],"15":[0,0],"16":[0,0],"17":[0,0],"18":[0,0],"19":[0,0],"20":[0,0],"21":[0,0],"22":[0,0],"23":[0,0],"24":[0,0],"25":[0,0],"26":[0,0],"27":[0,0],"28":[0,0],"29":[0,0],"30":[0,0],"31":[0,0],"32":[0,0,0],"33":[0,0],"34":[0,0,0],"35":[0,0],"36":[0,0],"37":[0,0],"38":[0,0,0],"39":[0,0],"40":[0,0],"41":[0,0],"42":[0,0],"43":[0,0],"44":[0,0],"45":[0,0],"46":[0,0],"47":[0,0],"48":[0,0],"49":[0,0],"50":[0,0],"51":[0,0],"52":[0,0],"53":[0,0],"54":[0,0],"55":[0,0],"56":[0,0],"57":[0,0],"58":[0,0],"59":[0,0]}}
,"/project/workspace/lib/geocodeService.ts": {"path":"/project/workspace/lib/geocodeService.ts","statementMap":{"0":{"start":{"line":53,"column":0},"end":{"line":53,"column":22}},"1":{"start":{"line":1,"column":0},"end":{"line":1,"column":25}},"2":{"start":{"line":54,"column":25},"end":{"line":54,"column":52}},"3":{"start":{"line":57,"column":23},"end":{"line":57,"column":53}},"4":{"start":{"line":60,"column":14},"end":{"line":62,"column":93}},"5":{"start":{"line":64,"column":22},"end":{"line":64,"column":92}},"6":{"start":{"line":66,"column":2},"end":{"line":66,"column":null}},"7":{"start":{"line":67,"column":2},"end":{"line":132,"column":3}},"8":{"start":{"line":68,"column":19},"end":{"line":68,"column":59}},"9":{"start":{"line":69,"column":19},"end":{"line":69,"column":41}},"10":{"start":{"line":72,"column":4},"end":{"line":76,"column":5}},"11":{"start":{"line":73,"column":6},"end":{"line":73,"column":null}},"12":{"start":{"line":74,"column":6},"end":{"line":74,"column":null}},"13":{"start":{"line":75,"column":6},"end":{"line":75,"column":null}},"14":{"start":{"line":78,"column":4},"end":{"line":81,"column":5}},"15":{"start":{"line":79,"column":6},"end":{"line":79,"column":null}},"16":{"start":{"line":80,"column":6},"end":{"line":80,"column":null}},"17":{"start":{"line":84,"column":4},"end":{"line":92,"column":null}},"18":{"start":{"line":86,"column":26},"end":{"line":91,"column":9}},"19":{"start":{"line":95,"column":27},"end":{"line":104,"column":8}},"20":{"start":{"line":96,"column":21},"end":{"line":96,"column":61}},"21":{"start":{"line":98,"column":26},"end":{"line":98,"column":81}},"22":{"start":{"line":99,"column":8},"end":{"line":99,"column":null}},"23":{"start":{"line":99,"column":29},"end":{"line":99,"column":null}},"24":{"start":{"line":101,"column":8},"end":{"line":101,"column":null}},"25":{"start":{"line":101,"column":90},"end":{"line":101,"column":null}},"26":{"start":{"line":102,"column":8},"end":{"line":102,"column":null}},"27":{"start":{"line":102,"column":90},"end":{"line":102,"column":null}},"28":{"start":{"line":103,"column":8},"end":{"line":103,"column":null}},"29":{"start":{"line":106,"column":24},"end":{"line":106,"column":41}},"30":{"start":{"line":108,"column":4},"end":{"line":111,"column":5}},"31":{"start":{"line":109,"column":6},"end":{"line":109,"column":null}},"32":{"start":{"line":110,"column":6},"end":{"line":110,"column":null}},"33":{"start":{"line":114,"column":34},"end":{"line":114,"column":66}},"34":{"start":{"line":115,"column":18},"end":{"line":115,"column":40}},"35":{"start":{"line":117,"column":4},"end":{"line":117,"column":null}},"36":{"start":{"line":118,"column":4},"end":{"line":128,"column":null}},"37":{"start":{"line":130,"column":4},"end":{"line":130,"column":null}},"38":{"start":{"line":131,"column":4},"end":{"line":131,"column":null}}},"fnMap":{"0":{"name":"geocodeAddressViaBAN","decl":{"start":{"line":53,"column":22},"end":{"line":53,"column":42}},"loc":{"start":{"line":53,"column":58},"end":{"line":133,"column":null}}},"1":{"name":"(anonymous_10)","decl":{"start":{"line":86,"column":19},"end":{"line":86,"column":20}},"loc":{"start":{"line":86,"column":25},"end":{"line":91,"column":9}}},"2":{"name":"(anonymous_11)","decl":{"start":{"line":96,"column":14},"end":{"line":96,"column":15}},"loc":{"start":{"line":96,"column":20},"end":{"line":96,"column":61}}},"3":{"name":"(anonymous_12)","decl":{"start":{"line":97,"column":12},"end":{"line":97,"column":13}},"loc":{"start":{"line":97,"column":21},"end":{"line":104,"column":7}}}},"branchMap":{"0":{"loc":{"start":{"line":60,"column":14},"end":{"line":62,"column":93}},"type":"cond-expr","locations":[{"start":{"line":61,"column":6},"end":{"line":61,"column":94}},{"start":{"line":62,"column":6},"end":{"line":62,"column":93}}]},"1":{"loc":{"start":{"line":72,"column":4},"end":{"line":76,"column":5}},"type":"if","locations":[{"start":{"line":72,"column":4},"end":{"line":76,"column":5}},{"start":{},"end":{}}]},"2":{"loc":{"start":{"line":72,"column":8},"end":{"line":72,"column":42}},"type":"binary-expr","locations":[{"start":{"line":72,"column":8},"end":{"line":72,"column":17}},{"start":{"line":72,"column":21},"end":{"line":72,"column":42}}]},"3":{"loc":{"start":{"line":78,"column":4},"end":{"line":81,"column":5}},"type":"if","locations":[{"start":{"line":78,"column":4},"end":{"line":81,"column":5}},{"start":{},"end":{}}]},"4":{"loc":{"start":{"line":78,"column":8},"end":{"line":78,"column":42}},"type":"binary-expr","locations":[{"start":{"line":78,"column":8},"end":{"line":78,"column":17}},{"start":{"line":78,"column":21},"end":{"line":78,"column":42}}]},"5":{"loc":{"start":{"line":87,"column":15},"end":{"line":87,"column":34}},"type":"cond-expr","locations":[{"start":{"line":87,"column":27},"end":{"line":87,"column":29}},{"start":{"line":87,"column":27},"end":{"line":87,"column":34}}]},"6":{"loc":{"start":{"line":87,"column":15},"end":{"line":87,"column":29}},"type":"binary-expr","locations":[{"start":{"line":87,"column":15},"end":{"line":87,"column":29}},{"start":{"line":87,"column":27},"end":{"line":87,"column":29}}]},"7":{"loc":{"start":{"line":88,"column":15},"end":{"line":88,"column":34}},"type":"cond-expr","locations":[{"start":{"line":88,"column":27},"end":{"line":88,"column":29}},{"start":{"line":88,"column":27},"end":{"line":88,"column":34}}]},"8":{"loc":{"start":{"line":88,"column":15},"end":{"line":88,"column":29}},"type":"binary-expr","locations":[{"start":{"line":88,"column":15},"end":{"line":88,"column":29}},{"start":{"line":88,"column":27},"end":{"line":88,"column":29}}]},"9":{"loc":{"start":{"line":89,"column":12},"end":{"line":89,"column":28}},"type":"cond-expr","locations":[{"start":{"line":89,"column":24},"end":{"line":89,"column":26}},{"start":{"line":89,"column":24},"end":{"line":89,"column":28}}]},"10":{"loc":{"start":{"line":89,"column":12},"end":{"line":89,"column":26}},"type":"binary-expr","locations":[{"start":{"line":89,"column":12},"end":{"line":89,"column":26}},{"start":{"line":89,"column":24},"end":{"line":89,"column":26}}]},"11":{"loc":{"start":{"line":90,"column":14},"end":{"line":90,"column":32}},"type":"cond-expr","locations":[{"start":{"line":90,"column":26},"end":{"line":90,"column":28}},{"start":{"line":90,"column":26},"end":{"line":90,"column":32}}]},"12":{"loc":{"start":{"line":90,"column":14},"end":{"line":90,"column":28}},"type":"binary-expr","locations":[{"start":{"line":90,"column":14},"end":{"line":90,"column":28}},{"start":{"line":90,"column":26},"end":{"line":90,"column":28}}]},"13":{"loc":{"start":{"line":96,"column":21},"end":{"line":96,"column":61}},"type":"binary-expr","locations":[{"start":{"line":96,"column":21},"end":{"line":96,"column":33}},{"start":{"line":96,"column":37},"end":{"line":96,"column":60}}]},"14":{"loc":{"start":{"line":96,"column":37},"end":{"line":96,"column":60}},"type":"cond-expr","locations":[{"start":{"line":96,"column":47},"end":{"line":96,"column":49}},{"start":{"line":96,"column":47},"end":{"line":96,"column":60}}]},"15":{"loc":{"start":{"line":96,"column":37},"end":{"line":96,"column":49}},"type":"binary-expr","locations":[{"start":{"line":96,"column":37},"end":{"line":96,"column":49}},{"start":{"line":96,"column":47},"end":{"line":96,"column":49}}]},"16":{"loc":{"start":{"line":98,"column":27},"end":{"line":98,"column":51}},"type":"cond-expr","locations":[{"start":{"line":98,"column":46},"end":{"line":98,"column":50}},{"start":{"line":98,"column":50},"end":{"line":98,"column":51}}]},"17":{"loc":{"start":{"line":98,"column":27},"end":{"line":98,"column":50}},"type":"binary-expr","locations":[{"start":{"line":98,"column":27},"end":{"line":98,"column":50}},{"start":{"line":98,"column":46},"end":{"line":98,"column":50}}]},"18":{"loc":{"start":{"line":98,"column":27},"end":{"line":98,"column":46}},"type":"cond-expr","locations":[{"start":{"line":98,"column":39},"end":{"line":98,"column":41}},{"start":{"line":98,"column":39},"end":{"line":98,"column":46}}]},"19":{"loc":{"start":{"line":98,"column":27},"end":{"line":98,"column":41}},"type":"binary-expr","locations":[{"start":{"line":98,"column":27},"end":{"line":98,"column":41}},{"start":{"line":98,"column":39},"end":{"line":98,"column":41}}]},"20":{"loc":{"start":{"line":98,"column":56},"end":{"line":98,"column":80}},"type":"cond-expr","locations":[{"start":{"line":98,"column":75},"end":{"line":98,"column":79}},{"start":{"line":98,"column":79},"end":{"line":98,"column":80}}]},"21":{"loc":{"start":{"line":98,"column":56},"end":{"line":98,"column":79}},"type":"binary-expr","locations":[{"start":{"line":98,"column":56},"end":{"line":98,"column":79}},{"start":{"line":98,"column":75},"end":{"line":98,"column":79}}]},"22":{"loc":{"start":{"line":98,"column":56},"end":{"line":98,"column":75}},"type":"cond-expr","locations":[{"start":{"line":98,"column":68},"end":{"line":98,"column":70}},{"start":{"line":98,"column":68},"end":{"line":98,"column":75}}]},"23":{"loc":{"start":{"line":98,"column":56},"end":{"line":98,"column":70}},"type":"binary-expr","locations":[{"start":{"line":98,"column":56},"end":{"line":98,"column":70}},{"start":{"line":98,"column":68},"end":{"line":98,"column":70}}]},"24":{"loc":{"start":{"line":99,"column":8},"end":{"line":99,"column":null}},"type":"if","locations":[{"start":{"line":99,"column":8},"end":{"line":99,"column":null}},{"start":{},"end":{}}]},"25":{"loc":{"start":{"line":101,"column":8},"end":{"line":101,"column":null}},"type":"if","locations":[{"start":{"line":101,"column":8},"end":{"line":101,"column":null}},{"start":{},"end":{}}]},"26":{"loc":{"start":{"line":101,"column":12},"end":{"line":101,"column":88}},"type":"binary-expr","locations":[{"start":{"line":101,"column":12},"end":{"line":101,"column":48}},{"start":{"line":101,"column":52},"end":{"line":101,"column":88}}]},"27":{"loc":{"start":{"line":101,"column":12},"end":{"line":101,"column":30}},"type":"cond-expr","locations":[{"start":{"line":101,"column":24},"end":{"line":101,"column":26}},{"start":{"line":101,"column":24},"end":{"line":101,"column":30}}]},"28":{"loc":{"start":{"line":101,"column":12},"end":{"line":101,"column":26}},"type":"binary-expr","locations":[{"start":{"line":101,"column":12},"end":{"line":101,"column":26}},{"start":{"line":101,"column":24},"end":{"line":101,"column":26}}]},"29":{"loc":{"start":{"line":101,"column":52},"end":{"line":101,"column":70}},"type":"cond-expr","locations":[{"start":{"line":101,"column":64},"end":{"line":101,"column":66}},{"start":{"line":101,"column":64},"end":{"line":101,"column":70}}]},"30":{"loc":{"start":{"line":101,"column":52},"end":{"line":101,"column":66}},"type":"binary-expr","locations":[{"start":{"line":101,"column":52},"end":{"line":101,"column":66}},{"start":{"line":101,"column":64},"end":{"line":101,"column":66}}]},"31":{"loc":{"start":{"line":102,"column":8},"end":{"line":102,"column":null}},"type":"if","locations":[{"start":{"line":102,"column":8},"end":{"line":102,"column":null}},{"start":{},"end":{}}]},"32":{"loc":{"start":{"line":102,"column":12},"end":{"line":102,"column":88}},"type":"binary-expr","locations":[{"start":{"line":102,"column":12},"end":{"line":102,"column":48}},{"start":{"line":102,"column":52},"end":{"line":102,"column":88}}]},"33":{"loc":{"start":{"line":102,"column":12},"end":{"line":102,"column":30}},"type":"cond-expr","locations":[{"start":{"line":102,"column":24},"end":{"line":102,"column":26}},{"start":{"line":102,"column":24},"end":{"line":102,"column":30}}]},"34":{"loc":{"start":{"line":102,"column":12},"end":{"line":102,"column":26}},"type":"binary-expr","locations":[{"start":{"line":102,"column":12},"end":{"line":102,"column":26}},{"start":{"line":102,"column":24},"end":{"line":102,"column":26}}]},"35":{"loc":{"start":{"line":102,"column":52},"end":{"line":102,"column":70}},"type":"cond-expr","locations":[{"start":{"line":102,"column":64},"end":{"line":102,"column":66}},{"start":{"line":102,"column":64},"end":{"line":102,"column":70}}]},"36":{"loc":{"start":{"line":102,"column":52},"end":{"line":102,"column":66}},"type":"binary-expr","locations":[{"start":{"line":102,"column":52},"end":{"line":102,"column":66}},{"start":{"line":102,"column":64},"end":{"line":102,"column":66}}]},"37":{"loc":{"start":{"line":108,"column":4},"end":{"line":111,"column":5}},"type":"if","locations":[{"start":{"line":108,"column":4},"end":{"line":111,"column":5}},{"start":{},"end":{}}]},"38":{"loc":{"start":{"line":108,"column":8},"end":{"line":108,"column":72}},"type":"binary-expr","locations":[{"start":{"line":108,"column":8},"end":{"line":108,"column":20}},{"start":{"line":108,"column":24},"end":{"line":108,"column":45}},{"start":{"line":108,"column":49},"end":{"line":108,"column":72}}]},"39":{"loc":{"start":{"line":130,"column":60},"end":{"line":130,"column":97}},"type":"binary-expr","locations":[{"start":{"line":130,"column":60},"end":{"line":130,"column":80}},{"start":{"line":130,"column":84},"end":{"line":130,"column":97}}]},"40":{"loc":{"start":{"line":130,"column":60},"end":{"line":130,"column":80}},"type":"cond-expr","locations":[{"start":{"line":130,"column":74},"end":{"line":130,"column":76}},{"start":{"line":130,"column":74},"end":{"line":130,"column":80}}]},"41":{"loc":{"start":{"line":130,"column":60},"end":{"line":130,"column":76}},"type":"binary-expr","locations":[{"start":{"line":130,"column":60},"end":{"line":130,"column":76}},{"start":{"line":130,"column":74},"end":{"line":130,"column":76}}]}},"s":{"0":0,"1":0,"2":0,"3":0,"4":0,"5":0,"6":0,"7":0,"8":0,"9":0,"10":0,"11":0,"12":0,"13":0,"14":0,"15":0,"16":0,"17":0,"18":0,"19":0,"20":0,"21":0,"22":0,"23":0,"24":0,"25":0,"26":0,"27":0,"28":0,"29":0,"30":0,"31":0,"32":0,"33":0,"34":0,"35":0,"36":0,"37":0,"38":0},"f":{"0":0,"1":0,"2":0,"3":0},"b":{"0":[0,0],"1":[0,0],"2":[0,0],"3":[0,0],"4":[0,0],"5":[0,0],"6":[0,0],"7":[0,0],"8":[0,0],"9":[0,0],"10":[0,0],"11":[0,0],"12":[0,0],"13":[0,0],"14":[0,0],"15":[0,0],"16":[0,0],"17":[0,0],"18":[0,0],"19":[0,0],"20":[0,0],"21":[0,0],"22":[0,0],"23":[0,0],"24":[0,0],"25":[0,0],"26":[0,0],"27":[0,0],"28":[0,0],"29":[0,0],"30":[0,0],"31":[0,0],"32":[0,0],"33":[0,0],"34":[0,0],"35":[0,0],"36":[0,0],"37":[0,0],"38":[0,0,0],"39":[0,0],"40":[0,0],"41":[0,0]}}
,"/project/workspace/lib/pdfGenerator.ts": {"path":"/project/workspace/lib/pdfGenerator.ts","statementMap":{"0":{"start":{"line":47,"column":0},"end":{"line":47,"column":22}},"1":{"start":{"line":228,"column":0},"end":{"line":228,"column":22}},"2":{"start":{"line":1,"column":0},"end":{"line":1,"column":25}},"3":{"start":{"line":2,"column":0},"end":{"line":2,"column":39}},"4":{"start":{"line":10,"column":42},"end":{"line":10,"column":46}},"5":{"start":{"line":13,"column":2},"end":{"line":34,"column":3}},"6":{"start":{"line":14,"column":4},"end":{"line":33,"column":null}},"7":{"start":{"line":14,"column":48},"end":{"line":33,"column":6}},"8":{"start":{"line":15,"column":6},"end":{"line":32,"column":7}},"9":{"start":{"line":17,"column":25},"end":{"line":17,"column":60}},"10":{"start":{"line":18,"column":8},"end":{"line":20,"column":9}},"11":{"start":{"line":19,"column":10},"end":{"line":19,"column":null}},"12":{"start":{"line":23,"column":24},"end":{"line":23,"column":45}},"13":{"start":{"line":26,"column":27},"end":{"line":26,"column":71}},"14":{"start":{"line":27,"column":8},"end":{"line":27,"column":null}},"15":{"start":{"line":29,"column":8},"end":{"line":29,"column":null}},"16":{"start":{"line":31,"column":8},"end":{"line":31,"column":null}},"17":{"start":{"line":36,"column":2},"end":{"line":36,"column":null}},"18":{"start":{"line":53,"column":14},"end":{"line":53,"column":25}},"19":{"start":{"line":58,"column":2},"end":{"line":69,"column":3}},"20":{"start":{"line":60,"column":23},"end":{"line":60,"column":42}},"21":{"start":{"line":62,"column":4},"end":{"line":65,"column":5}},"22":{"start":{"line":64,"column":6},"end":{"line":64,"column":null}},"23":{"start":{"line":67,"column":4},"end":{"line":67,"column":null}},"24":{"start":{"line":72,"column":2},"end":{"line":72,"column":null}},"25":{"start":{"line":73,"column":2},"end":{"line":73,"column":32}},"26":{"start":{"line":74,"column":2},"end":{"line":74,"column":null}},"27":{"start":{"line":79,"column":2},"end":{"line":79,"column":null}},"28":{"start":{"line":80,"column":2},"end":{"line":80,"column":null}},"29":{"start":{"line":81,"column":2},"end":{"line":81,"column":null}},"30":{"start":{"line":83,"column":2},"end":{"line":83,"column":null}},"31":{"start":{"line":84,"column":2},"end":{"line":88,"column":null}},"32":{"start":{"line":89,"column":2},"end":{"line":93,"column":null}},"33":{"start":{"line":94,"column":2},"end":{"line":98,"column":null}},"34":{"start":{"line":99,"column":2},"end":{"line":99,"column":null}},"35":{"start":{"line":100,"column":2},"end":{"line":104,"column":null}},"36":{"start":{"line":110,"column":2},"end":{"line":110,"column":null}},"37":{"start":{"line":111,"column":2},"end":{"line":111,"column":null}},"38":{"start":{"line":112,"column":2},"end":{"line":112,"column":null}},"39":{"start":{"line":115,"column":22},"end":{"line":115,"column":64}},"40":{"start":{"line":116,"column":19},"end":{"line":121,"column":4}},"41":{"start":{"line":116,"column":50},"end":{"line":121,"column":4}},"42":{"start":{"line":123,"column":2},"end":{"line":135,"column":null}},"43":{"start":{"line":138,"column":2},"end":{"line":169,"column":3}},"44":{"start":{"line":139,"column":19},"end":{"line":139,"column":56}},"45":{"start":{"line":141,"column":4},"end":{"line":141,"column":null}},"46":{"start":{"line":142,"column":4},"end":{"line":142,"column":null}},"47":{"start":{"line":143,"column":4},"end":{"line":143,"column":null}},"48":{"start":{"line":146,"column":24},"end":{"line":146,"column":73}},"49":{"start":{"line":147,"column":21},"end":{"line":154,"column":6}},"50":{"start":{"line":147,"column":52},"end":{"line":154,"column":6}},"51":{"start":{"line":156,"column":4},"end":{"line":168,"column":null}},"52":{"start":{"line":174,"column":19},"end":{"line":176,"column":9}},"53":{"start":{"line":179,"column":17},"end":{"line":179,"column":43}},"54":{"start":{"line":180,"column":19},"end":{"line":180,"column":61}},"55":{"start":{"line":181,"column":16},"end":{"line":181,"column":60}},"56":{"start":{"line":183,"column":2},"end":{"line":183,"column":null}},"57":{"start":{"line":184,"column":2},"end":{"line":184,"column":null}},"58":{"start":{"line":185,"column":2},"end":{"line":185,"column":null}},"59":{"start":{"line":187,"column":16},"end":{"line":187,"column":48}},"60":{"start":{"line":188,"column":2},"end":{"line":188,"column":null}},"61":{"start":{"line":191,"column":2},"end":{"line":199,"column":3}},"62":{"start":{"line":193,"column":4},"end":{"line":193,"column":null}},"63":{"start":{"line":196,"column":4},"end":{"line":196,"column":null}},"64":{"start":{"line":197,"column":14},"end":{"line":197,"column":40}},"65":{"start":{"line":198,"column":4},"end":{"line":198,"column":null}},"66":{"start":{"line":204,"column":21},"end":{"line":204,"column":60}},"67":{"start":{"line":205,"column":2},"end":{"line":215,"column":3}},"68":{"start":{"line":205,"column":15},"end":{"line":205,"column":16}},"69":{"start":{"line":206,"column":4},"end":{"line":206,"column":null}},"70":{"start":{"line":207,"column":4},"end":{"line":207,"column":null}},"71":{"start":{"line":208,"column":4},"end":{"line":208,"column":null}},"72":{"start":{"line":209,"column":4},"end":{"line":214,"column":null}},"73":{"start":{"line":217,"column":2},"end":{"line":217,"column":null}},"74":{"start":{"line":229,"column":2},"end":{"line":241,"column":null}},"75":{"start":{"line":234,"column":2},"end":{"line":240,"column":3}},"76":{"start":{"line":235,"column":16},"end":{"line":235,"column":85}},"77":{"start":{"line":236,"column":4},"end":{"line":236,"column":null}},"78":{"start":{"line":238,"column":4},"end":{"line":238,"column":null}},"79":{"start":{"line":239,"column":4},"end":{"line":239,"column":null}}},"fnMap":{"0":{"name":"loadPumLogo","decl":{"start":{"line":12,"column":15},"end":{"line":12,"column":26}},"loc":{"start":{"line":12,"column":26},"end":{"line":37,"column":null}}},"1":{"name":"(anonymous_10)","decl":{"start":{"line":14,"column":30},"end":{"line":14,"column":37}},"loc":{"start":{"line":14,"column":48},"end":{"line":33,"column":6}}},"2":{"name":"(anonymous_11)","decl":{"start":{"line":14,"column":48},"end":{"line":14,"column":null}},"loc":{"start":{"line":14,"column":48},"end":{"line":33,"column":5}}},"3":{"name":"generateSimulationPDF","decl":{"start":{"line":47,"column":22},"end":{"line":47,"column":43}},"loc":{"start":{"line":50,"column":29},"end":{"line":218,"column":null}}},"4":{"name":"(anonymous_14)","decl":{"start":{"line":116,"column":40},"end":{"line":116,"column":41}},"loc":{"start":{"line":116,"column":50},"end":{"line":121,"column":4}}},"5":{"name":"(anonymous_15)","decl":{"start":{"line":147,"column":42},"end":{"line":147,"column":43}},"loc":{"start":{"line":147,"column":52},"end":{"line":154,"column":6}}},"6":{"name":"downloadSimulationPDF","decl":{"start":{"line":228,"column":22},"end":{"line":228,"column":43}},"loc":{"start":{"line":228,"column":43},"end":{"line":241,"column":null}}},"7":{"name":"(anonymous_17)","decl":{"start":{"line":229,"column":2},"end":{"line":229,"column":21}},"loc":{"start":{"line":232,"column":52},"end":{"line":241,"column":1}}}},"branchMap":{"0":{"loc":{"start":{"line":13,"column":2},"end":{"line":34,"column":3}},"type":"if","locations":[{"start":{"line":13,"column":2},"end":{"line":34,"column":3}},{"start":{},"end":{}}]},"1":{"loc":{"start":{"line":18,"column":8},"end":{"line":20,"column":9}},"type":"if","locations":[{"start":{"line":18,"column":8},"end":{"line":20,"column":9}},{"start":{},"end":{}}]},"2":{"loc":{"start":{"line":62,"column":4},"end":{"line":65,"column":5}},"type":"if","locations":[{"start":{"line":62,"column":4},"end":{"line":65,"column":5}},{"start":{},"end":{}}]},"3":{"loc":{"start":{"line":85,"column":34},"end":{"line":85,"column":109}},"type":"cond-expr","locations":[{"start":{"line":85,"column":61},"end":{"line":85,"column":105}},{"start":{"line":85,"column":108},"end":{"line":85,"column":109}}]},"4":{"loc":{"start":{"line":90,"column":31},"end":{"line":90,"column":112}},"type":"cond-expr","locations":[{"start":{"line":90,"column":61},"end":{"line":90,"column":108}},{"start":{"line":90,"column":111},"end":{"line":90,"column":112}}]},"5":{"loc":{"start":{"line":95,"column":30},"end":{"line":95,"column":99}},"type":"cond-expr","locations":[{"start":{"line":95,"column":54},"end":{"line":95,"column":95}},{"start":{"line":95,"column":98},"end":{"line":95,"column":99}}]},"6":{"loc":{"start":{"line":99,"column":34},"end":{"line":99,"column":86}},"type":"cond-expr","locations":[{"start":{"line":99,"column":54},"end":{"line":99,"column":82}},{"start":{"line":99,"column":85},"end":{"line":99,"column":86}}]},"7":{"loc":{"start":{"line":101,"column":29},"end":{"line":101,"column":99}},"type":"cond-expr","locations":[{"start":{"line":101,"column":58},"end":{"line":101,"column":95}},{"start":{"line":101,"column":98},"end":{"line":101,"column":99}}]},"8":{"loc":{"start":{"line":119,"column":4},"end":{"line":119,"column":49}},"type":"cond-expr","locations":[{"start":{"line":119,"column":29},"end":{"line":119,"column":37}},{"start":{"line":119,"column":40},"end":{"line":119,"column":49}}]},"9":{"loc":{"start":{"line":120,"column":4},"end":{"line":120,"column":41}},"type":"cond-expr","locations":[{"start":{"line":120,"column":18},"end":{"line":120,"column":35}},{"start":{"line":120,"column":38},"end":{"line":120,"column":41}}]},"10":{"loc":{"start":{"line":138,"column":2},"end":{"line":169,"column":3}},"type":"if","locations":[{"start":{"line":138,"column":2},"end":{"line":169,"column":3}},{"start":{},"end":{}}]},"11":{"loc":{"start":{"line":151,"column":6},"end":{"line":153,"column":24}},"type":"cond-expr","locations":[{"start":{"line":152,"column":10},"end":{"line":152,"column":65}},{"start":{"line":153,"column":10},"end":{"line":153,"column":24}}]},"12":{"loc":{"start":{"line":174,"column":19},"end":{"line":176,"column":9}},"type":"cond-expr","locations":[{"start":{"line":175,"column":7},"end":{"line":175,"column":44}},{"start":{"line":176,"column":6},"end":{"line":176,"column":9}}]},"13":{"loc":{"start":{"line":174,"column":19},"end":{"line":174,"column":53}},"type":"cond-expr","locations":[{"start":{"line":174,"column":45},"end":{"line":174,"column":47}},{"start":{"line":174,"column":45},"end":{"line":174,"column":53}}]},"14":{"loc":{"start":{"line":174,"column":19},"end":{"line":174,"column":47}},"type":"binary-expr","locations":[{"start":{"line":174,"column":19},"end":{"line":174,"column":47}},{"start":{"line":174,"column":45},"end":{"line":174,"column":47}}]},"15":{"loc":{"start":{"line":179,"column":17},"end":{"line":179,"column":43}},"type":"binary-expr","locations":[{"start":{"line":179,"column":17},"end":{"line":179,"column":32}},{"start":{"line":179,"column":36},"end":{"line":179,"column":43}}]},"16":{"loc":{"start":{"line":232,"column":2},"end":{"line":232,"column":52}},"type":"default-arg","locations":[{"start":{"line":232,"column":13},"end":{"line":232,"column":52}}]}},"s":{"0":0,"1":0,"2":0,"3":0,"4":0,"5":0,"6":0,"7":0,"8":0,"9":0,"10":0,"11":0,"12":0,"13":0,"14":0,"15":0,"16":0,"17":0,"18":0,"19":0,"20":0,"21":0,"22":0,"23":0,"24":0,"25":0,"26":0,"27":0,"28":0,"29":0,"30":0,"31":0,"32":0,"33":0,"34":0,"35":0,"36":0,"37":0,"38":0,"39":0,"40":0,"41":0,"42":0,"43":0,"44":0,"45":0,"46":0,"47":0,"48":0,"49":0,"50":0,"51":0,"52":0,"53":0,"54":0,"55":0,"56":0,"57":0,"58":0,"59":0,"60":0,"61":0,"62":0,"63":0,"64":0,"65":0,"66":0,"67":0,"68":0,"69":0,"70":0,"71":0,"72":0,"73":0,"74":0,"75":0,"76":0,"77":0,"78":0,"79":0},"f":{"0":0,"1":0,"2":0,"3":0,"4":0,"5":0,"6":0,"7":0},"b":{"0":[0,0],"1":[0,0],"2":[0,0],"3":[0,0],"4":[0,0],"5":[0,0],"6":[0,0],"7":[0,0],"8":[0,0],"9":[0,0],"10":[0,0],"11":[0,0],"12":[0,0],"13":[0,0],"14":[0,0],"15":[0,0],"16":[0]}}
,"/project/workspace/lib/pluvioService.ts": {"path":"/project/workspace/lib/pluvioService.ts","statementMap":{"0":{"start":{"line":97,"column":0},"end":{"line":97,"column":22}},"1":{"start":{"line":216,"column":0},"end":{"line":216,"column":22}},"2":{"start":{"line":236,"column":0},"end":{"line":236,"column":22}},"3":{"start":{"line":1,"column":0},"end":{"line":1,"column":43}},"4":{"start":{"line":3,"column":35},"end":{"line":3,"column":37}},"5":{"start":{"line":43,"column":2},"end":{"line":43,"column":null}},"6":{"start":{"line":43,"column":37},"end":{"line":43,"column":53}},"7":{"start":{"line":48,"column":21},"end":{"line":61,"column":null}},"8":{"start":{"line":64,"column":102},"end":{"line":64,"column":104}},"9":{"start":{"line":67,"column":2},"end":{"line":75,"column":null}},"10":{"start":{"line":68,"column":18},"end":{"line":68,"column":37}},"11":{"start":{"line":69,"column":4},"end":{"line":71,"column":5}},"12":{"start":{"line":70,"column":6},"end":{"line":70,"column":null}},"13":{"start":{"line":72,"column":4},"end":{"line":72,"column":null}},"14":{"start":{"line":73,"column":4},"end":{"line":73,"column":null}},"15":{"start":{"line":74,"column":4},"end":{"line":74,"column":null}},"16":{"start":{"line":78,"column":32},"end":{"line":78,"column":33}},"17":{"start":{"line":79,"column":22},"end":{"line":90,"column":4}},"18":{"start":{"line":80,"column":18},"end":{"line":80,"column":45}},"19":{"start":{"line":81,"column":4},"end":{"line":81,"column":null}},"20":{"start":{"line":82,"column":4},"end":{"line":89,"column":null}},"21":{"start":{"line":93,"column":2},"end":{"line":93,"column":null}},"22":{"start":{"line":93,"column":36},"end":{"line":93,"column":63}},"23":{"start":{"line":98,"column":2},"end":{"line":98,"column":null}},"24":{"start":{"line":100,"column":2},"end":{"line":185,"column":3}},"25":{"start":{"line":101,"column":19},"end":{"line":108,"column":null}},"26":{"start":{"line":110,"column":4},"end":{"line":110,"column":null}},"27":{"start":{"line":111,"column":16},"end":{"line":111,"column":63}},"28":{"start":{"line":113,"column":4},"end":{"line":113,"column":null}},"29":{"start":{"line":114,"column":22},"end":{"line":114,"column":56}},"30":{"start":{"line":115,"column":4},"end":{"line":115,"column":null}},"31":{"start":{"line":118,"column":21},"end":{"line":118,"column":33}},"32":{"start":{"line":119,"column":29},"end":{"line":119,"column":56}},"33":{"start":{"line":120,"column":18},"end":{"line":120,"column":34}},"34":{"start":{"line":122,"column":4},"end":{"line":125,"column":5}},"35":{"start":{"line":123,"column":6},"end":{"line":123,"column":null}},"36":{"start":{"line":124,"column":6},"end":{"line":124,"column":null}},"37":{"start":{"line":128,"column":29},"end":{"line":128,"column":62}},"38":{"start":{"line":129,"column":20},"end":{"line":129,"column":53}},"39":{"start":{"line":130,"column":24},"end":{"line":130,"column":57}},"40":{"start":{"line":132,"column":4},"end":{"line":135,"column":5}},"41":{"start":{"line":133,"column":6},"end":{"line":133,"column":null}},"42":{"start":{"line":134,"column":6},"end":{"line":134,"column":null}},"43":{"start":{"line":137,"column":4},"end":{"line":143,"column":null}},"44":{"start":{"line":146,"column":22},"end":{"line":147,"column":null}},"45":{"start":{"line":147,"column":16},"end":{"line":147,"column":97}},"46":{"start":{"line":151,"column":22},"end":{"line":156,"column":7}},"47":{"start":{"line":151,"column":50},"end":{"line":156,"column":6}},"48":{"start":{"line":159,"column":24},"end":{"line":159,"column":51}},"49":{"start":{"line":162,"column":31},"end":{"line":162,"column":64}},"50":{"start":{"line":163,"column":22},"end":{"line":163,"column":46}},"51":{"start":{"line":164,"column":22},"end":{"line":164,"column":50}},"52":{"start":{"line":166,"column":4},"end":{"line":171,"column":null}},"53":{"start":{"line":173,"column":4},"end":{"line":181,"column":null}},"54":{"start":{"line":183,"column":4},"end":{"line":183,"column":null}},"55":{"start":{"line":184,"column":4},"end":{"line":184,"column":null}},"56":{"start":{"line":190,"column":2},"end":{"line":190,"column":null}},"57":{"start":{"line":192,"column":2},"end":{"line":212,"column":3}},"58":{"start":{"line":193,"column":25},"end":{"line":193,"column":67}},"59":{"start":{"line":195,"column":4},"end":{"line":198,"column":5}},"60":{"start":{"line":196,"column":6},"end":{"line":196,"column":null}},"61":{"start":{"line":197,"column":6},"end":{"line":197,"column":null}},"62":{"start":{"line":200,"column":4},"end":{"line":202,"column":null}},"63":{"start":{"line":203,"column":4},"end":{"line":208,"column":null}},"64":{"start":{"line":210,"column":4},"end":{"line":210,"column":null}},"65":{"start":{"line":211,"column":4},"end":{"line":211,"column":null}},"66":{"start":{"line":217,"column":2},"end":{"line":217,"column":null}},"67":{"start":{"line":220,"column":2},"end":{"line":228,"column":3}},"68":{"start":{"line":221,"column":26},"end":{"line":221,"column":75}},"69":{"start":{"line":222,"column":4},"end":{"line":225,"column":5}},"70":{"start":{"line":223,"column":6},"end":{"line":223,"column":null}},"71":{"start":{"line":224,"column":6},"end":{"line":224,"column":null}},"72":{"start":{"line":227,"column":4},"end":{"line":227,"column":null}},"73":{"start":{"line":231,"column":2},"end":{"line":231,"column":null}},"74":{"start":{"line":232,"column":2},"end":{"line":232,"column":null}},"75":{"start":{"line":237,"column":2},"end":{"line":237,"column":null}},"76":{"start":{"line":239,"column":2},"end":{"line":251,"column":3}},"77":{"start":{"line":240,"column":17},"end":{"line":240,"column":59}},"78":{"start":{"line":241,"column":4},"end":{"line":244,"column":5}},"79":{"start":{"line":242,"column":6},"end":{"line":242,"column":null}},"80":{"start":{"line":243,"column":6},"end":{"line":243,"column":null}},"81":{"start":{"line":246,"column":4},"end":{"line":246,"column":null}},"82":{"start":{"line":247,"column":4},"end":{"line":247,"column":null}},"83":{"start":{"line":249,"column":4},"end":{"line":249,"column":null}},"84":{"start":{"line":250,"column":4},"end":{"line":250,"column":null}}},"fnMap":{"0":{"name":"sum","decl":{"start":{"line":42,"column":9},"end":{"line":42,"column":12}},"loc":{"start":{"line":42,"column":29},"end":{"line":44,"column":1}}},"1":{"name":"(anonymous_8)","decl":{"start":{"line":43,"column":23},"end":{"line":43,"column":24}},"loc":{"start":{"line":43,"column":37},"end":{"line":43,"column":53}}},"2":{"name":"aggregateByMonth","decl":{"start":{"line":47,"column":9},"end":{"line":47,"column":25}},"loc":{"start":{"line":47,"column":61},"end":{"line":94,"column":1}}},"3":{"name":"(anonymous_10)","decl":{"start":{"line":67,"column":20},"end":{"line":67,"column":21}},"loc":{"start":{"line":67,"column":28},"end":{"line":75,"column":3}}},"4":{"name":"(anonymous_11)","decl":{"start":{"line":79,"column":60},"end":{"line":79,"column":61}},"loc":{"start":{"line":79,"column":83},"end":{"line":90,"column":3}}},"5":{"name":"(anonymous_12)","decl":{"start":{"line":93,"column":26},"end":{"line":93,"column":27}},"loc":{"start":{"line":93,"column":36},"end":{"line":93,"column":63}}},"6":{"name":"fetchDetailedOpenMeteoData","decl":{"start":{"line":97,"column":22},"end":{"line":97,"column":48}},"loc":{"start":{"line":97,"column":73},"end":{"line":186,"column":null}}},"7":{"name":"(anonymous_15)","decl":{"start":{"line":147,"column":6},"end":{"line":147,"column":7}},"loc":{"start":{"line":147,"column":16},"end":{"line":147,"column":97}}},"8":{"name":"(anonymous_16)","decl":{"start":{"line":151,"column":36},"end":{"line":151,"column":37}},"loc":{"start":{"line":151,"column":50},"end":{"line":156,"column":6}}},"9":{"name":"fetchAndCalculateOpenMeteoNormals","decl":{"start":{"line":189,"column":15},"end":{"line":189,"column":48}},"loc":{"start":{"line":189,"column":73},"end":{"line":213,"column":null}}},"10":{"name":"getAverageAnnualPluviometry","decl":{"start":{"line":216,"column":22},"end":{"line":216,"column":49}},"loc":{"start":{"line":216,"column":74},"end":{"line":233,"column":null}}},"11":{"name":"getDetailedPluviometryData","decl":{"start":{"line":236,"column":22},"end":{"line":236,"column":48}},"loc":{"start":{"line":236,"column":73},"end":{"line":252,"column":null}}}},"branchMap":{"0":{"loc":{"start":{"line":43,"column":44},"end":{"line":43,"column":52}},"type":"binary-expr","locations":[{"start":{"line":43,"column":44},"end":{"line":43,"column":47}},{"start":{"line":43,"column":51},"end":{"line":43,"column":52}}]},"1":{"loc":{"start":{"line":69,"column":4},"end":{"line":71,"column":5}},"type":"if","locations":[{"start":{"line":69,"column":4},"end":{"line":71,"column":5}},{"start":{},"end":{}}]},"2":{"loc":{"start":{"line":72,"column":46},"end":{"line":72,"column":68}},"type":"binary-expr","locations":[{"start":{"line":72,"column":46},"end":{"line":72,"column":63}},{"start":{"line":72,"column":67},"end":{"line":72,"column":68}}]},"3":{"loc":{"start":{"line":73,"column":37},"end":{"line":73,"column":50}},"type":"binary-expr","locations":[{"start":{"line":73,"column":37},"end":{"line":73,"column":45}},{"start":{"line":73,"column":49},"end":{"line":73,"column":50}}]},"4":{"loc":{"start":{"line":74,"column":37},"end":{"line":74,"column":50}},"type":"binary-expr","locations":[{"start":{"line":74,"column":37},"end":{"line":74,"column":45}},{"start":{"line":74,"column":49},"end":{"line":74,"column":50}}]},"5":{"loc":{"start":{"line":122,"column":4},"end":{"line":125,"column":5}},"type":"if","locations":[{"start":{"line":122,"column":4},"end":{"line":125,"column":5}},{"start":{},"end":{}}]},"6":{"loc":{"start":{"line":128,"column":29},"end":{"line":128,"column":62}},"type":"cond-expr","locations":[{"start":{"line":128,"column":47},"end":{"line":128,"column":49}},{"start":{"line":128,"column":47},"end":{"line":128,"column":62}}]},"7":{"loc":{"start":{"line":128,"column":29},"end":{"line":128,"column":49}},"type":"binary-expr","locations":[{"start":{"line":128,"column":29},"end":{"line":128,"column":49}},{"start":{"line":128,"column":47},"end":{"line":128,"column":49}}]},"8":{"loc":{"start":{"line":129,"column":20},"end":{"line":129,"column":53}},"type":"cond-expr","locations":[{"start":{"line":129,"column":38},"end":{"line":129,"column":40}},{"start":{"line":129,"column":38},"end":{"line":129,"column":53}}]},"9":{"loc":{"start":{"line":129,"column":20},"end":{"line":129,"column":40}},"type":"binary-expr","locations":[{"start":{"line":129,"column":20},"end":{"line":129,"column":40}},{"start":{"line":129,"column":38},"end":{"line":129,"column":40}}]},"10":{"loc":{"start":{"line":130,"column":24},"end":{"line":130,"column":57}},"type":"cond-expr","locations":[{"start":{"line":130,"column":42},"end":{"line":130,"column":44}},{"start":{"line":130,"column":42},"end":{"line":130,"column":57}}]},"11":{"loc":{"start":{"line":130,"column":24},"end":{"line":130,"column":44}},
[...]
4":{"start":{"line":14,"column":2},"end":{"line":17,"column":3}},"5":{"start":{"line":15,"column":4},"end":{"line":15,"column":null}},"6":{"start":{"line":16,"column":4},"end":{"line":16,"column":null}},"7":{"start":{"line":20,"column":14},"end":{"line":20,"column":83}},"8":{"start":{"line":23,"column":17},"end":{"line":29,"column":null}},"9":{"start":{"line":31,"column":2},"end":{"line":31,"column":null}},"10":{"start":{"line":33,"column":2},"end":{"line":91,"column":3}},"11":{"start":{"line":34,"column":21},"end":{"line":34,"column":53}},"12":{"start":{"line":37,"column":4},"end":{"line":40,"column":5}},"13":{"start":{"line":38,"column":6},"end":{"line":38,"column":null}},"14":{"start":{"line":39,"column":6},"end":{"line":39,"column":null}},"15":{"start":{"line":43,"column":46},"end":{"line":43,"column":48}},"16":{"start":{"line":45,"column":4},"end":{"line":84,"column":5}},"17":{"start":{"line":45,"column":17},"end":{"line":45,"column":18}},"18":{"start":{"line":46,"column":23},"end":{"line":46,"column":39}},"19":{"start":{"line":49,"column":6},"end":{"line":52,"column":7}},"20":{"start":{"line":50,"column":8},"end":{"line":50,"column":null}},"21":{"start":{"line":51,"column":8},"end":{"line":51,"column":16}},"22":{"start":{"line":55,"column":64},"end":{"line":59,"column":null}},"23":{"start":{"line":62,"column":17},"end":{"line":62,"column":21}},"24":{"start":{"line":63,"column":6},"end":{"line":68,"column":7}},"25":{"start":{"line":64,"column":8},"end":{"line":64,"column":null}},"26":{"start":{"line":65,"column":8},"end":{"line":65,"column":null}},"27":{"start":{"line":67,"column":8},"end":{"line":67,"column":null}},"28":{"start":{"line":71,"column":45},"end":{"line":76,"column":null}},"29":{"start":{"line":78,"column":6},"end":{"line":83,"column":null}},"30":{"start":{"line":86,"column":4},"end":{"line":86,"column":null}},"31":{"start":{"line":87,"column":4},"end":{"line":87,"column":null}},"32":{"start":{"line":89,"column":4},"end":{"line":89,"column":null}},"33":{"start":{"line":90,"column":4},"end":{"line":90,"column":null}},"34":{"start":{"line":105,"column":2},"end":{"line":108,"column":3}},"35":{"start":{"line":106,"column":4},"end":{"line":106,"column":null}},"36":{"start":{"line":107,"column":4},"end":{"line":107,"column":null}},"37":{"start":{"line":112,"column":22},"end":{"line":112,"column":87}},"38":{"start":{"line":113,"column":25},"end":{"line":116,"column":null}},"39":{"start":{"line":118,"column":2},"end":{"line":118,"column":null}},"40":{"start":{"line":120,"column":2},"end":{"line":211,"column":3}},"41":{"start":{"line":121,"column":29},"end":{"line":121,"column":85}},"42":{"start":{"line":123,"column":4},"end":{"line":126,"column":5}},"43":{"start":{"line":124,"column":6},"end":{"line":124,"column":null}},"44":{"start":{"line":125,"column":6},"end":{"line":125,"column":null}},"45":{"start":{"line":129,"column":29},"end":{"line":129,"column":113}},"46":{"start":{"line":129,"column":69},"end":{"line":129,"column":96}},"47":{"start":{"line":131,"column":4},"end":{"line":134,"column":5}},"48":{"start":{"line":132,"column":6},"end":{"line":132,"column":null}},"49":{"start":{"line":133,"column":6},"end":{"line":133,"column":null}},"50":{"start":{"line":136,"column":4},"end":{"line":136,"column":null}},"51":{"start":{"line":140,"column":24},"end":{"line":140,"column":85}},"52":{"start":{"line":145,"column":29},"end":{"line":145,"column":88}},"53":{"start":{"line":145,"column":65},"end":{"line":145,"column":74}},"54":{"start":{"line":147,"column":27},"end":{"line":152,"column":null}},"55":{"start":{"line":154,"column":4},"end":{"line":154,"column":null}},"56":{"start":{"line":156,"column":29},"end":{"line":156,"column":85}},"57":{"start":{"line":158,"column":4},"end":{"line":161,"column":5}},"58":{"start":{"line":159,"column":6},"end":{"line":159,"column":null}},"59":{"start":{"line":160,"column":6},"end":{"line":160,"column":null}},"60":{"start":{"line":164,"column":46},"end":{"line":164,"column":48}},"61":{"start":{"line":166,"column":4},"end":{"line":204,"column":5}},"62":{"start":{"line":166,"column":17},"end":{"line":166,"column":18}},"63":{"start":{"line":167,"column":23},"end":{"line":167,"column":47}},"64":{"start":{"line":170,"column":6},"end":{"line":173,"column":7}},"65":{"start":{"line":171,"column":8},"end":{"line":171,"column":null}},"66":{"start":{"line":172,"column":8},"end":{"line":172,"column":16}},"67":{"start":{"line":176,"column":64},"end":{"line":180,"column":null}},"68":{"start":{"line":183,"column":17},"end":{"line":183,"column":21}},"69":{"start":{"line":184,"column":6},"end":{"line":188,"column":7}},"70":{"start":{"line":185,"column":8},"end":{"line":185,"column":null}},"71":{"start":{"line":187,"column":8},"end":{"line":187,"column":null}},"72":{"start":{"line":191,"column":45},"end":{"line":196,"column":null}},"73":{"start":{"line":198,"column":6},"end":{"line":203,"column":null}},"74":{"start":{"line":206,"column":4},"end":{"line":206,"column":null}},"75":{"start":{"line":207,"column":4},"end":{"line":207,"column":null}},"76":{"start":{"line":209,"column":4},"end":{"line":209,"column":null}},"77":{"start":{"line":210,"column":4},"end":{"line":210,"column":null}}},"fnMap":{"0":{"name":"fetchBuildingDataByCleInterop","decl":{"start":{"line":13,"column":22},"end":{"line":13,"column":51}},"loc":{"start":{"line":13,"column":73},"end":{"line":92,"column":null}}},"1":{"name":"fetchBuildingDataByAddressRelation","decl":{"start":{"line":102,"column":22},"end":{"line":102,"column":56}},"loc":{"start":{"line":103,"column":23},"end":{"line":212,"column":null}}},"2":{"name":"(anonymous_21)","decl":{"start":{"line":129,"column":55},"end":{"line":129,"column":56}},"loc":{"start":{"line":129,"column":69},"end":{"line":129,"column":96}}},"3":{"name":"(anonymous_22)","decl":{"start":{"line":145,"column":57},"end":{"line":145,"column":58}},"loc":{"start":{"line":145,"column":65},"end":{"line":145,"column":74}}}},"branchMap":{"0":{"loc":{"start":{"line":14,"column":2},"end":{"line":17,"column":3}},"type":"if","locations":[{"start":{"line":14,"column":2},"end":{"line":17,"column":3}},{"start":{},"end":{}}]},"1":{"loc":{"start":{"line":37,"column":4},"end":{"line":40,"column":5}},"type":"if","locations":[{"start":{"line":37,"column":4},"end":{"line":40,"column":5}},{"start":{},"end":{}}]},"2":{"loc":{"start":{"line":37,"column":8},"end":{"line":37,"column":85}},"type":"binary-expr","locations":[{"start":{"line":37,"column":8},"end":{"line":37,"column":22}},{"start":{"line":37,"column":26},"end":{"line":37,"column":55}},{"start":{"line":37,"column":59},"end":{"line":37,"column":85}}]},"3":{"loc":{"start":{"line":49,"column":6},"end":{"line":52,"column":7}},"type":"if","locations":[{"start":{"line":49,"column":6},"end":{"line":52,"column":7}},{"start":{},"end":{}}]},"4":{"loc":{"start":{"line":72,"column":12},"end":{"line":72,"column":47}},"type":"binary-expr","locations":[{"start":{"line":72,"column":12},"end":{"line":72,"column":39}},{"start":{"line":72,"column":43},"end":{"line":72,"column":47}}]},"5":{"loc":{"start":{"line":73,"column":19},"end":{"line":73,"column":54}},"type":"binary-expr","locations":[{"start":{"line":73,"column":19},"end":{"line":73,"column":46}},{"start":{"line":73,"column":50},"end":{"line":73,"column":54}}]},"6":{"loc":{"start":{"line":75,"column":15},"end":{"line":75,"column":73}},"type":"binary-expr","locations":[{"start":{"line":75,"column":15},"end":{"line":75,"column":50}},{"start":{"line":75,"column":54},"end":{"line":75,"column":73}}]},"7":{"loc":{"start":{"line":89,"column":66},"end":{"line":89,"column":103}},"type":"binary-expr","locations":[{"start":{"line":89,"column":66},"end":{"line":89,"column":86}},{"start":{"line":89,"column":90},"end":{"line":89,"column":103}}]},"8":{"loc":{"start":{"line":89,"column":66},"end":{"line":89,"column":86}},"type":"cond-expr","locations":[{"start":{"line":89,"column":80},"end":{"line":89,"column":82}},{"start":{"line":89,"column":80},"end":{"line":89,"column":86}}]},"9":{"loc":{"start":{"line":89,"column":66},"end":{"line":89,"column":82}},"type":"binary-expr","locations":[{"start":{"line":89,"column":66},"end":{"line":89,"column":82}},{"start":{"line":89,"column":80},"end":{"line":89,"column":82}}]},"10":{"loc":{"start":{"line":105,"column":2},"end":{"line":108,"column":3}},"type":"if","locations":[{"start":{"line":105,"column":2},"end":{"line":108,"column":3}},{"start":{},"end":{}}]},"11":{"loc":{"start":{"line":123,"column":4},"end":{"line":126,"column":5}},"type":"if","locations":[{"start":{"line":123,"column":4},"end":{"line":126,"column":5}},{"start":{},"end":{}}]},"12":{"loc":{"start":{"line":123,"column":8},"end":{"line":123,"column":109}},"type":"binary-expr","locations":[{"start":{"line":123,"column":8},"end":{"line":123,"column":30}},{"start":{"line":123,"column":34},"end":{"line":123,"column":71}},{"start":{"line":123,"column":75},"end":{"line":123,"column":109}}]},"13":{"loc":{"start":{"line":131,"column":4},"end":{"line":134,"column":5}},"type":"if","locations":[{"start":{"line":131,"column":4},"end":{"line":134,"column":5}},{"start":{},"end":{}}]},"14":{"loc":{"start":{"line":158,"column":4},"end":{"line":161,"column":5}},"type":"if","locations":[{"start":{"line":158,"column":4},"end":{"line":161,"column":5}},{"start":{},"end":{}}]},"15":{"loc":{"start":{"line":158,"column":8},"end":{"line":158,"column":109}},"type":"binary-expr","locations":[{"start":{"line":158,"column":8},"end":{"line":158,"column":30}},{"start":{"line":158,"column":34},"end":{"line":158,"column":71}},{"start":{"line":158,"column":75},"end":{"line":158,"column":109}}]},"16":{"loc":{"start":{"line":170,"column":6},"end":{"line":173,"column":7}},"type":"if","locations":[{"start":{"line":170,"column":6},"end":{"line":173,"column":7}},{"start":{},"end":{}}]},"17":{"loc":{"start":{"line":192,"column":12},"end":{"line":192,"column":47}},"type":"binary-expr","locations":[{"start":{"line":192,"column":12},"end":{"line":192,"column":39}},{"start":{"line":192,"column":43},"end":{"line":192,"column":47}}]},"18":{"loc":{"start":{"line":193,"column":19},"end":{"line":193,"column":54}},"type":"binary-expr","locations":[{"start":{"line":193,"column":19},"end":{"line":193,"column":46}},{"start":{"line":193,"column":50},"end":{"line":193,"column":54}}]},"19":{"loc":{"start":{"line":195,"column":15},"end":{"line":195,"column":73}},"type":"binary-expr","locations":[{"start":{"line":195,"column":15},"end":{"line":195,"column":50}},{"start":{"line":195,"column":54},"end":{"line":195,"column":73}}]},"20":{"loc":{"start":{"line":209,"column":79},"end":{"line":209,"column":116}},"type":"binary-expr","locations":[{"start":{"line":209,"column":79},"end":{"line":209,"column":99}},{"start":{"line":209,"column":103},"end":{"line":209,"column":116}}]},"21":{"loc":{"start":{"line":209,"column":79},"end":{"line":209,"column":99}},"type":"cond-expr","locations":[{"start":{"line":209,"column":93},"end":{"line":209,"column":95}},{"start":{"line":209,"column":93},"end":{"line":209,"column":99}}]},"22":{"loc":{"start":{"line":209,"column":79},"end":{"line":209,"column":95}},"type":"binary-expr","locations":[{"start":{"line":209,"column":79},"end":{"line":209,"column":95}},{"start":{"line":209,"column":93},"end":{"line":209,"column":95}}]}},"s":{"0":0,"1":0,"2":0,"3":0,"4":0,"5":0,"6":0,"7":0,"8":0,"9":0,"10":0,"11":0,"12":0,"13":0,"14":0,"15":0,"16":0,"17":0,"18":0,"19":0,"20":0,"21":0,"22":0,"23":0,"24":0,"25":0,"26":0,"27":0,"28":0,"29":0,"30":0,"31":0,"32":0,"33":0,"34":0,"35":0,"36":0,"37":0,"38":0,"39":0,"40":0,"41":0,"42":0,"43":0,"44":0,"45":0,"46":0,"47":0,"48":0,"49":0,"50":0,"51":0,"52":0,"53":0,"54":0,"55":0,"56":0,"57":0,"58":0,"59":0,"60":0,"61":0,"62":0,"63":0,"64":0,"65":0,"66":0,"67":0,"68":0,"69":0,"70":0,"71":0,"72":0,"73":0,"74":0,"75":0,"76":0,"77":0},"f":{"0":0,"1":0,"2":0,"3":0},"b":{"0":[0,0],"1":[0,0],"2":[0,0,0],"3":[0,0],"4":[0,0],"5":[0,0],"6":[0,0],"7":[0,0],"8":[0,0],"9":[0,0],"10":[0,0],"11":[0,0],"12":[0,0,0],"13":[0,0],"14":[0,0],"15":[0,0,0],"16":[0,0],"17":[0,0],"18":[0,0],"19":[0,0],"20":[0,0],"21":[0,0],"22":[0,0]}}
,"/project/workspace/lib/useSingleFlight.ts": {"path":"/project/workspace/lib/useSingleFlight.ts","statementMap":{"0":{"start":{"line":51,"column":0},"end":{"line":51,"column":16}},"1":{"start":{"line":92,"column":0},"end":{"line":92,"column":16}},"2":{"start":{"line":9,"column":0},"end":{"line":9,"column":43}},"3":{"start":{"line":55,"column":15},"end":{"line":55,"column":28}},"4":{"start":{"line":58,"column":18},"end":{"line":74,"column":null}},"5":{"start":{"line":59,"column":25},"end":{"line":73,"column":null}},"6":{"start":{"line":61,"column":6},"end":{"line":61,"column":30}},"7":{"start":{"line":61,"column":24},"end":{"line":61,"column":30}},"8":{"start":{"line":64,"column":6},"end":{"line":64,"column":null}},"9":{"start":{"line":66,"column":6},"end":{"line":72,"column":7}},"10":{"start":{"line":68,"column":8},"end":{"line":68,"column":null}},"11":{"start":{"line":71,"column":8},"end":{"line":71,"column":null}},"12":{"start":{"line":78,"column":2},"end":{"line":78,"column":null}},"13":{"start":{"line":78,"column":25},"end":{"line":78,"column":37}},"14":{"start":{"line":95,"column":13},"end":{"line":95,"column":18}},"15":{"start":{"line":96,"column":2},"end":{"line":104,"column":null}},"16":{"start":{"line":96,"column":30},"end":{"line":104,"column":null}},"17":{"start":{"line":97,"column":4},"end":{"line":97,"column":20}},"18":{"start":{"line":97,"column":14},"end":{"line":97,"column":20}},"19":{"start":{"line":98,"column":4},"end":{"line":98,"column":null}},"20":{"start":{"line":99,"column":4},"end":{"line":103,"column":5}},"21":{"start":{"line":100,"column":6},"end":{"line":100,"column":null}},"22":{"start":{"line":102,"column":6},"end":{"line":102,"column":null}}},"fnMap":{"0":{"name":"useSingleFlight","decl":{"start":{"line":51,"column":16},"end":{"line":51,"column":31}},"loc":{"start":{"line":52,"column":42},"end":{"line":79,"column":1}}},"1":{"name":"(anonymous_8)","decl":{"start":{"line":59,"column":4},"end":{"line":59,"column":11}},"loc":{"start":{"line":59,"column":25},"end":{"line":73,"column":null}}},"2":{"name":"(anonymous_9)","decl":{"start":{"line":59,"column":25},"end":{"line":59,"column":null}},"loc":{"start":{"line":59,"column":25},"end":{"line":73,"column":5}}},"3":{"name":"(anonymous_10)","decl":{"start":{"line":78,"column":19},"end":{"line":78,"column":22}},"loc":{"start":{"line":78,"column":25},"end":{"line":78,"column":37}}},"4":{"name":"createGuard","decl":{"start":{"line":92,"column":16},"end":{"line":92,"column":27}},"loc":{"start":{"line":93,"column":42},"end":{"line":105,"column":1}}},"5":{"name":"(anonymous_12)","decl":{"start":{"line":96,"column":9},"end":{"line":96,"column":16}},"loc":{"start":{"line":96,"column":30},"end":{"line":104,"column":null}}},"6":{"name":"(anonymous_13)","decl":{"start":{"line":96,"column":30},"end":{"line":96,"column":null}},"loc":{"start":{"line":96,"column":30},"end":{"line":104,"column":3}}}},"branchMap":{"0":{"loc":{"start":{"line":61,"column":6},"end":{"line":61,"column":30}},"type":"if","locations":[{"start":{"line":61,"column":6},"end":{"line":61,"column":30}},{"start":{},"end":{}}]},"1":{"loc":{"start":{"line":97,"column":4},"end":{"line":97,"column":20}},"type":"if","locations":[{"start":{"line":97,"column":4},"end":{"line":97,"column":20}},{"start":{},"end":{}}]}},"s":{"0":0,"1":0,"2":0,"3":0,"4":0,"5":0,"6":0,"7":0,"8":0,"9":0,"10":0,"11":0,"12":0,"13":0,"14":0,"15":0,"16":0,"17":0,"18":0,"19":0,"20":0,"21":0,"22":0},"f":{"0":0,"1":0,"2":0,"3":0,"4":0,"5":0,"6":0},"b":{"0":[0,0],"1":[0,0]}}
,"/project/workspace/lib/utils.ts": {"path":"/project/workspace/lib/utils.ts","statementMap":{"0":{"start":{"line":4,"column":0},"end":{"line":4,"column":16}},"1":{"start":{"line":1,"column":0},"end":{"line":1,"column":44}},"2":{"start":{"line":2,"column":0},"end":{"line":2,"column":40}},"3":{"start":{"line":5,"column":2},"end":{"line":5,"column":null}}},"fnMap":{"0":{"name":"cn","decl":{"start":{"line":4,"column":16},"end":{"line":4,"column":18}},"loc":{"start":{"line":4,"column":42},"end":{"line":6,"column":1}}}},"branchMap":{},"s":{"0":0,"1":0,"2":0,"3":0},"f":{"0":0},"b":{}}
,"/project/workspace/lib/volumeCalculator.ts": {"path":"/project/workspace/lib/volumeCalculator.ts","statementMap":{"0":{"start":{"line":16,"column":0},"end":{"line":16,"column":16}},"1":{"start":{"line":41,"column":0},"end":{"line":41,"column":16}},"2":{"start":{"line":69,"column":0},"end":{"line":69,"column":16}},"3":{"start":{"line":89,"column":0},"end":{"line":89,"column":16}},"4":{"start":{"line":17,"column":2},"end":{"line":27,"column":3}},"5":{"start":{"line":19,"column":4},"end":{"line":19,"column":52}},"6":{"start":{"line":22,"column":4},"end":{"line":26,"column":6}},"7":{"start":{"line":33,"column":13},"end":{"line":33,"column":37}},"8":{"start":{"line":43,"column":27},"end":{"line":43,"column":60}},"9":{"start":{"line":47,"column":2},"end":{"line":49,"column":3}},"10":{"start":{"line":48,"column":4},"end":{"line":48,"column":27}},"11":{"start":{"line":52,"column":2},"end":{"line":56,"column":3}},"12":{"start":{"line":53,"column":4},"end":{"line":55,"column":5}},"13":{"start":{"line":54,"column":6},"end":{"line":54,"column":20}},"14":{"start":{"line":60,"column":2},"end":{"line":60,"column":55}},"15":{"start":{"line":71,"column":24},"end":{"line":71,"column":57}},"16":{"start":{"line":72,"column":26},"end":{"line":72,"column":65}},"17":{"start":{"line":75,"column":2},"end":{"line":77,"column":3}},"18":{"start":{"line":76,"column":4},"end":{"line":76,"column":20}},"19":{"start":{"line":80,"column":2},"end":{"line":80,"column":18}},"20":{"start":{"line":95,"column":30},"end":{"line":95,"column":84}},"21":{"start":{"line":98,"column":28},"end":{"line":98,"column":96}},"22":{"start":{"line":101,"column":27},"end":{"line":102,"column":69}},"23":{"start":{"line":104,"column":2},"end":{"line":108,"column":4}}},"fnMap":{"0":{"name":"getAvailableTankVolumes","decl":{"start":{"line":16,"column":16},"end":{"line":16,"column":39}},"loc":{"start":{"line":16,"column":54},"end":{"line":28,"column":1}}},"1":{"name":"ceilToAvailableVolume","decl":{"start":{"line":41,"column":16},"end":{"line":41,"column":37}},"loc":{"start":{"line":41,"column":82},"end":{"line":61,"column":1}}},"2":{"name":"determineRecommendedTankType","decl":{"start":{"line":69,"column":16},"end":{"line":69,"column":44}},"loc":{"start":{"line":69,"column":67},"end":{"line":81,"column":1}}},"3":{"name":"getRecommendedTankSize","decl":{"start":{"line":89,"column":16},"end":{"line":89,"column":38}},"loc":{"start":{"line":89,"column":71},"end":{"line":109,"column":1}}}},"branchMap":{"0":{"loc":{"start":{"line":17,"column":2},"end":{"line":27,"column":3}},"type":"if","locations":[{"start":{"line":17,"column":2},"end":{"line":27,"column":3}},{"start":{"line":20,"column":9},"end":{"line":27,"column":3}}]},"1":{"loc":{"start":{"line":47,"column":2},"end":{"line":49,"column":3}},"type":"if","locations":[{"start":{"line":47,"column":2},"end":{"line":49,"column":3}},{"start":{},"end":{}}]},"2":{"loc":{"start":{"line":53,"column":4},"end":{"line":55,"column":5}},"type":"if","locations":[{"start":{"line":53,"column":4},"end":{"line":55,"column":5}},{"start":{},"end":{}}]},"3":{"loc":{"start":{"line":75,"column":2},"end":{"line":77,"column":3}},"type":"if","locations":[{"start":{"line":75,"column":2},"end":{"line":77,"column":3}},{"start":{},"end":{}}]},"4":{"loc":{"start":{"line":101,"column":27},"end":{"line":102,"column":69}},"type":"binary-expr","locations":[{"start":{"line":101,"column":27},"end":{"line":101,"column":64}},{"start":{"line":102,"column":27},"end":{"line":102,"column":69}}]}},"s":{"0":0,"1":0,"2":0,"3":0,"4":0,"5":0,"6":0,"7":0,"8":0,"9":0,"10":0,"11":0,"12":0,"13":0,"14":0,"15":0,"16":0,"17":0,"18":0,"19":0,"20":0,"21":0,"22":0,"23":0},"f":{"0":0,"1":0,"2":0,"3":0},"b":{"0":[0,0],"1":[0,0],"2":[0,0],"3":[0,0],"4":[0,0]}}
}
