TN:
SF:lib/buildingService.ts
FN:22,getBuildingData
FN:121,(anonymous_9)
FN:134,enrichBuildingsWithRnbIds
FN:140,(anonymous_12)
FN:147,(anonymous_13)
FN:154,(anonymous_14)
FN:182,fetchRnbIdsForMultipleGroups
FN:205,selectBuilding
FN:217,(anonymous_18)
FN:223,(anonymous_19)
FN:235,getSelectedBuilding
FN:240,(anonymous_21)
FNF:12
FNH:0
FNDA:0,getBuildingData
FNDA:0,(anonymous_9)
FNDA:0,enrichBuildingsWithRnbIds
FNDA:0,(anonymous_12)
FNDA:0,(anonymous_13)
FNDA:0,(anonymous_14)
FNDA:0,fetchRnbIdsForMultipleGroups
FNDA:0,selectBuilding
FNDA:0,(anonymous_18)
FNDA:0,(anonymous_19)
FNDA:0,getSelectedBuilding
FNDA:0,(anonymous_21)
DA:3,0
DA:8,0
DA:11,0
DA:22,0
DA:23,0
DA:29,0
DA:30,0
DA:33,0
DA:34,0
DA:37,0
DA:38,0
DA:39,0
DA:40,0
DA:41,0
DA:42,0
DA:45,0
DA:46,0
DA:48,0
DA:51,0
DA:52,0
DA:53,0
DA:57,0
DA:58,0
DA:59,0
DA:60,0
DA:61,0
DA:62,0
DA:63,0
DA:66,0
DA:67,0
DA:69,0
DA:72,0
DA:73,0
DA:74,0
DA:78,0
DA:79,0
DA:80,0
DA:81,0
DA:82,0
DA:83,0
DA:86,0
DA:87,0
DA:89,0
DA:92,0
DA:93,0
DA:94,0
DA:97,0
DA:101,0
DA:102,0
DA:103,0
DA:104,0
DA:105,0
DA:106,0
DA:107,0
DA:109,0
DA:112,0
DA:113,0
DA:114,0
DA:118,0
DA:119,0
DA:120,0
DA:121,0
DA:124,0
DA:134,0
DA:135,0
DA:136,0
DA:140,0
DA:142,0
DA:143,0
DA:144,0
DA:147,0
DA:149,0
DA:151,0
DA:154,0
DA:156,0
DA:157,0
DA:158,0
DA:161,0
DA:163,0
DA:174,0
DA:177,0
DA:178,0
DA:183,0
DA:185,0
DA:186,0
DA:187,0
DA:188,0
DA:190,0
DA:191,0
DA:195,0
DA:205,0
DA:206,0
DA:207,0
DA:208,0
DA:211,0
DA:212,0
DA:213,0
DA:217,0
DA:218,0
DA:219,0
DA:223,0
DA:235,0
DA:236,0
DA:237,0
DA:240,0
LF:105
LH:0
BRDA:30,0,0,0
BRDA:30,0,1,0
BRDA:41,1,0,0
BRDA:41,1,1,0
BRDA:41,2,0,0
BRDA:41,2,1,0
BRDA:51,3,0,0
BRDA:51,3,1,0
BRDA:57,4,0,0
BRDA:57,4,1,0
BRDA:62,5,0,0
BRDA:62,5,1,0
BRDA:62,6,0,0
BRDA:62,6,1,0
BRDA:72,7,0,0
BRDA:72,7,1,0
BRDA:82,8,0,0
BRDA:82,8,1,0
BRDA:82,9,0,0
BRDA:82,9,1,0
BRDA:92,10,0,0
BRDA:92,10,1,0
BRDA:105,11,0,0
BRDA:105,11,1,0
BRDA:105,12,0,0
BRDA:105,12,1,0
BRDA:112,13,0,0
BRDA:112,13,1,0
BRDA:119,14,0,0
BRDA:119,14,1,0
BRDA:135,15,0,0
BRDA:135,15,1,0
BRDA:135,16,0,0
BRDA:135,16,1,0
BRDA:140,17,0,0
BRDA:140,17,1,0
BRDA:142,18,0,0
BRDA:142,18,1,0
BRDA:156,19,0,0
BRDA:156,19,1,0
BRDA:156,20,0,0
BRDA:156,20,1,0
BRDA:161,21,0,0
BRDA:161,21,1,0
BRDA:161,22,0,0
BRDA:161,22,1,0
BRDA:206,23,0,0
BRDA:206,23,1,0
BRDA:206,24,0,0
BRDA:206,24,1,0
BRDA:208,25,0,0
BRDA:208,25,1,0
BRDA:211,26,0,0
BRDA:211,26,1,0
BRDA:218,27,0,0
BRDA:218,27,1,0
BRDA:236,28,0,0
BRDA:236,28,1,0
BRDA:236,29,0,0
BRDA:236,29,1,0
BRDA:240,30,0,0
BRDA:240,30,1,0
BRF:62
BRH:0
end_of_record
TN:
SF:lib/financialAidService.ts
FN:21,(anonymous_7)
FN:31,getInseeByPostcode
FN:40,(anonymous_10)
FN:72,getFinancialAids
FN:81,(anonymous_13)
FN:108,formatAmount
FN:121,(anonymous_15)
FN:144,formatConditions
FN:166,(anonymous_17)
FN:167,(anonymous_18)
FN:186,determineIcon
FN:219,mapApiAidsToUiAids
FN:227,(anonymous_21)
FN:261,getFinancialAidsForDisplay
FNF:14
FNH:0
FNDA:0,(anonymous_7)
FNDA:0,getInseeByPostcode
FNDA:0,(anonymous_10)
FNDA:0,getFinancialAids
FNDA:0,(anonymous_13)
FNDA:0,formatAmount
FNDA:0,(anonymous_15)
FNDA:0,formatConditions
FNDA:0,(anonymous_17)
FNDA:0,(anonymous_18)
FNDA:0,determineIcon
FNDA:0,mapApiAidsToUiAids
FNDA:0,(anonymous_21)
FNDA:0,getFinancialAidsForDisplay
DA:1,0
DA:2,0
DA:15,0
DA:16,0
DA:21,0
DA:31,0
DA:32,0
DA:34,0
DA:35,0
DA:39,0
DA:40,0
DA:41,0
DA:43,0
DA:44,0
DA:45,0
DA:46,0
DA:48,0
DA:52,0
DA:54,0
DA:55,0
DA:56,0
DA:59,0
DA:60,0
DA:62,0
DA:63,0
DA:72,0
DA:73,0
DA:75,0
DA:76,0
DA:80,0
DA:81,0
DA:82,0
DA:84,0
DA:85,0
DA:86,0
DA:87,0
DA:89,0
DA:93,0
DA:94,0
DA:95,0
DA:97,0
DA:98,0
DA:108,0
DA:109,0
DA:110,0
DA:113,0
DA:121,0
DA:122,0
DA:127,0
DA:128,0
DA:131,0
DA:132,0
DA:136,0
DA:144,0
DA:150,0
DA:151,0
DA:155,0
DA:159,0
DA:160,0
DA:166,0
DA:167,0
DA:168,0
DA:169,0
DA:172,0
DA:174,0
DA:175,0
DA:178,0
DA:186,0
DA:187,0
DA:188,0
DA:191,0
DA:196,0
DA:197,0
DA:202,0
DA:203,0
DA:207,0
DA:211,0
DA:219,0
DA:220,0
DA:221,0
DA:222,0
DA:225,0
DA:227,0
DA:228,0
DA:251,0
DA:261,0
DA:262,0
DA:264,0
DA:266,0
DA:267,0
DA:271,0
DA:274,0
DA:276,0
DA:277,0
LF:94
LH:0
BRDA:16,0,0,0
BRDA:16,0,1,0
BRDA:39,1,0,0
BRDA:39,1,1,0
BRDA:43,2,0,0
BRDA:43,2,1,0
BRDA:45,3,0,0
BRDA:45,3,1,0
BRDA:54,4,0,0
BRDA:54,4,1,0
BRDA:54,5,0,0
BRDA:54,5,1,0
BRDA:63,6,0,0
BRDA:63,6,1,0
BRDA:80,7,0,0
BRDA:80,7,1,0
BRDA:84,8,0,0
BRDA:84,8,1,0
BRDA:86,9,0,0
BRDA:86,9,1,0
BRDA:98,10,0,0
BRDA:98,10,1,0
BRDA:109,11,0,0
BRDA:109,11,1,0
BRDA:109,12,0,0
BRDA:109,12,1,0
BRDA:113,13,0,0
BRDA:113,13,1,0
BRDA:113,14,0,0
BRDA:113,14,1,0
BRDA:123,15,0,0
BRDA:123,15,1,0
BRDA:123,16,0,0
BRDA:123,16,1,0
BRDA:123,17,0,0
BRDA:123,17,1,0
BRDA:123,18,0,0
BRDA:123,18,1,0
BRDA:124,19,0,0
BRDA:124,19,1,0
BRDA:124,20,0,0
BRDA:124,20,1,0
BRDA:125,21,0,0
BRDA:125,21,1,0
BRDA:125,22,0,0
BRDA:125,22,1,0
BRDA:128,23,0,0
BRDA:128,23,1,0
BRDA:131,24,0,0
BRDA:131,24,1,0
BRDA:150,25,0,0
BRDA:150,25,1,0
BRDA:155,26,0,0
BRDA:155,26,1,0
BRDA:159,27,0,0
BRDA:159,27,1,0
BRDA:167,28,0,0
BRDA:167,28,1,0
BRDA:168,29,0,0
BRDA:168,29,1,0
BRDA:174,30,0,0
BRDA:174,30,1,0
BRDA:191,31,0,0
BRDA:191,31,1,0
BRDA:192,32,0,0
BRDA:192,32,1,0
BRDA:192,32,2,0
BRDA:197,33,0,0
BRDA:197,33,1,0
BRDA:198,34,0,0
BRDA:198,34,1,0
BRDA:198,34,2,0
BRDA:203,35,0,0
BRDA:203,35,1,0
BRDA:204,36,0,0
BRDA:204,36,1,0
BRDA:220,37,0,0
BRDA:220,37,1,0
BRDA:220,38,0,0
BRDA:220,38,1,0
BRDA:220,38,2,0
BRDA:241,39,0,0
BRDA:241,39,1,0
BRDA:241,40,0,0
BRDA:241,40,1,0
BRDA:242,41,0,0
BRDA:242,41,1,0
BRDA:242,42,0,0
BRDA:242,42,1,0
BRDA:243,43,0,0
BRDA:243,43,1,0
BRDA:243,44,0,0
BRDA:243,44,1,0
BRDA:244,45,0,0
BRDA:244,45,1,0
BRDA:244,46,0,0
BRDA:244,46,1,0
BRDA:244,47,0,0
BRDA:244,47,1,0
BRDA:244,48,0,0
BRDA:244,48,1,0
BRDA:245,49,0,0
BRDA:245,49,1,0
BRDA:245,50,0,0
BRDA:245,50,1,0
BRDA:246,51,0,0
BRDA:246,51,1,0
BRDA:246,52,0,0
BRDA:246,52,1,0
BRDA:247,53,0,0
BRDA:247,53,1,0
BRDA:247,54,0,0
BRDA:247,54,1,0
BRDA:248,55,0,0
BRDA:248,55,1,0
BRDA:248,56,0,0
BRDA:248,56,1,0
BRDA:264,57,0,0
BRDA:264,57,1,0
BRDA:264,58,0,0
BRDA:264,58,1,0
BRDA:266,59,0,0
BRDA:266,59,1,0
BRF:123
BRH:0
end_of_record
TN:
SF:lib/geocodeService.ts
FN:53,geocodeAddressViaBAN
FN:86,(anonymous_10)
FN:96,(anonymous_11)
FN:97,(anonymous_12)
FNF:4
FNH:0
FNDA:0,geocodeAddressViaBAN
FNDA:0,(anonymous_10)
FNDA:0,(anonymous_11)
FNDA:0,(anonymous_12)
DA:1,0
DA:53,0
DA:54,0
DA:57,0
DA:60,0
DA:64,0
DA:66,0
DA:67,0
DA:68,0
DA:69,0
DA:72,0
DA:73,0
DA:74,0
DA:75,0
DA:78,0
DA:79,0
DA:80,0
DA:84,0
DA:86,0
DA:95,0
DA:96,0
DA:98,0
DA:99,0
DA:101,0
DA:102,0
DA:103,0
DA:106,0
DA:108,0
DA:109,0
DA:110,0
DA:114,0
DA:115,0
DA:117,0
DA:118,0
DA:130,0
DA:131,0
LF:36
LH:0
BRDA:60,0,0,0
BRDA:60,0,1,0
BRDA:72,1,0,0
BRDA:72,1,1,0
BRDA:72,2,0,0
BRDA:72,2,1,0
BRDA:78,3,0,0
BRDA:78,3,1,0
BRDA:78,4,0,0
BRDA:78,4,1,0
BRDA:87,5,0,0
BRDA:87,5,1,0
BRDA:87,6,0,0
BRDA:87,6,1,0
BRDA:88,7,0,0
BRDA:88,7,1,0
BRDA:88,8,0,0
BRDA:88,8,1,0
BRDA:89,9,0,0
BRDA:89,9,1,0
BRDA:89,10,0,0
BRDA:89,10,1,0
BRDA:90,11,0,0
BRDA:90,11,1,0
BRDA:90,12,0,0
BRDA:90,12,1,0
BRDA:96,13,0,0
BRDA:96,13,1,0
BRDA:96,14,0,0
BRDA:96,14,1,0
BRDA:96,15,0,0
BRDA:96,15,1,0
BRDA:98,16,0,0
BRDA:98,16,1,0
BRDA:98,17,0,0
BRDA:98,17,1,0
BRDA:98,18,0,0
BRDA:98,18,1,0
BRDA:98,19,0,0
BRDA:98,19,1,0
BRDA:98,20,0,0
BRDA:98,20,1,0
BRDA:98,21,0,0
BRDA:98,21,1,0
BRDA:98,22,0,0
BRDA:98,22,1,0
BRDA:98,23,0,0
BRDA:98,23,1,0
BRDA:99,24,0,0
BRDA:99,24,1,0
BRDA:101,25,0,0
BRDA:101,25,1,0
BRDA:101,26,0,0
BRDA:101,26,1,0
BRDA:101,27,0,0
BRDA:101,27,1,0
BRDA:101,28,0,0
BRDA:101,28,1,0
BRDA:101,29,0,0
BRDA:101,29,1,0
BRDA:101,30,0,0
BRDA:101,30,1,0
BRDA:102,31,0,0
BRDA:102,31,1,0
BRDA:102,32,0,0
BRDA:102,32,1,0
BRDA:102,33,0,0
BRDA:102,33,1,0
BRDA:102,34,0,0
BRDA:102,34,1,0
BRDA:102,35,0,0
BRDA:102,35,1,0
BRDA:102,36,0,0
BRDA:102,36,1,0
BRDA:108,37,0,0
BRDA:108,37,1,0
BRDA:108,38,0,0
BRDA:108,38,1,0
BRDA:108,38,2,0
BRDA:130,39,0,0
BRDA:130,39,1,0
BRDA:130,40,0,0
BRDA:130,40,1,0
BRDA:130,41,0,0
BRDA:130,41,1,0
BRF:85
BRH:0
end_of_record
TN:
SF:lib/pdfGenerator.ts
FN:12,loadPumLogo
FN:14,(anonymous_10)
FN:14,(anonymous_11)
FN:47,generateSimulationPDF
FN:116,(anonymous_14)
FN:147,(anonymous_15)
FN:228,downloadSimulationPDF
FN:229,(anonymous_17)
FNF:8
FNH:0
FNDA:0,loadPumLogo
FNDA:0,(anonymous_10)
FNDA:0,(anonymous_11)
FNDA:0,generateSimulationPDF
FNDA:0,(anonymous_14)
FNDA:0,(anonymous_15)
FNDA:0,downloadSimulationPDF
FNDA:0,(anonymous_17)
DA:1,0
DA:2,0
DA:10,0
DA:13,0
DA:14,0
DA:15,0
DA:17,0
DA:18,0
DA:19,0
DA:23,0
DA:26,0
DA:27,0
DA:29,0
DA:31,0
DA:36,0
DA:47,0
DA:53,0
DA:58,0
DA:60,0
DA:62,0
DA:64,0
DA:67,0
DA:72,0
DA:73,0
DA:74,0
DA:79,0
DA:80,0
DA:81,0
DA:83,0
DA:84,0
DA:89,0
DA:94,0
DA:99,0
DA:100,0
DA:110,0
DA:111,0
DA:112,0
DA:115,0
DA:116,0
DA:123,0
DA:138,0
DA:139,0
DA:141,0
DA:142,0
DA:143,0
DA:146,0
DA:147,0
DA:156,0
DA:174,0
DA:179,0
DA:180,0
DA:181,0
DA:183,0
DA:184,0
DA:185,0
DA:187,0
DA:188,0
DA:191,0
DA:193,0
DA:196,0
DA:197,0
DA:198,0
DA:204,0
DA:205,0
DA:206,0
DA:207,0
DA:208,0
DA:209,0
DA:217,0
DA:228,0
DA:229,0
DA:234,0
DA:235,0
DA:236,0
DA:238,0
DA:239,0
LF:76
LH:0
BRDA:13,0,0,0
BRDA:13,0,1,0
BRDA:18,1,0,0
BRDA:18,1,1,0
BRDA:62,2,0,0
BRDA:62,2,1,0
BRDA:85,3,0,0
BRDA:85,3,1,0
BRDA:90,4,0,0
BRDA:90,4,1,0
BRDA:95,5,0,0
BRDA:95,5,1,0
BRDA:99,6,0,0
BRDA:99,6,1,0
BRDA:101,7,0,0
BRDA:101,7,1,0
BRDA:119,8,0,0
BRDA:119,8,1,0
BRDA:120,9,0,0
BRDA:120,9,1,0
BRDA:138,10,0,0
BRDA:138,10,1,0
BRDA:151,11,0,0
BRDA:151,11,1,0
BRDA:174,12,0,0
BRDA:174,12,1,0
BRDA:174,13,0,0
BRDA:174,13,1,0
BRDA:174,14,0,0
BRDA:174,14,1,0
BRDA:179,15,0,0
BRDA:179,15,1,0
BRDA:232,16,0,0
BRF:33
BRH:0
end_of_record
TN:
SF:lib/pluvioService.ts
FN:42,sum
FN:43,(anonymous_8)
FN:47,aggregateByMonth
FN:67,(anonymous_10)
FN:79,(anonymous_11)
FN:93,(anonymous_12)
FN:97,fetchDetailedOpenMeteoData
FN:147,(anonymous_15)
FN:151,(anonymous_16)
FN:189,fetchAndCalculateOpenMeteoNormals
FN:216,getAverageAnnualPluviometry
FN:236,getDetailedPluviometryData
FNF:12
FNH:0
FNDA:0,sum
FNDA:0,(anonymous_8)
FNDA:0,aggregateByMonth
FNDA:0,(anonymous_10)
FNDA:0,(anonymous_11)
FNDA:0,(anonymous_12)
FNDA:0,fetchDetailedOpenMeteoData
FNDA:0,(anonymous_15)
FNDA:0,(anonymous_16)
FNDA:0,fetchAndCalculateOpenMeteoNormals
FNDA:0,getAverageAnnualPluviometry
FNDA:0,getDetailedPluviometryData
DA:1,0
DA:3,0
DA:43,0
DA:48,0
DA:64,0
DA:67,0
DA:68,0
DA:69,0
DA:70,0
DA:72,0
DA:73,0
DA:74,0
DA:78,0
DA:79,0
DA:80,0
DA:81,0
DA:82,0
DA:93,0
DA:97,0
DA:98,0
DA:100,0
DA:101,0
DA:110,0
DA:111,0
DA:113,0
DA:114,0
DA:115,0
DA:118,0
DA:119,0
DA:120,0
DA:122,0
DA:123,0
DA:124,0
DA:128,0
DA:129,0
DA:130,0
DA:132,0
DA:133,0
DA:134,0
DA:137,0
DA:146,0
DA:147,0
DA:151,0
DA:159,0
DA:162,0
DA:163,0
DA:164,0
DA:166,0
DA:173,0
DA:183,0
DA:184,0
DA:190,0
DA:192,0
DA:193,0
DA:195,0
DA:196,0
DA:197,0
DA:200,0
DA:203,0
DA:210,0
DA:211,0
DA:216,0
DA:217,0
DA:220,0
DA:221,0
DA:222,0
DA:223,0
DA:224,0
DA:227,0
DA:231,0
DA:232,0
DA:236,0
DA:237,0
DA:239,0
DA:240,0
DA:241,0
DA:242,0
DA:243,0
DA:246,0
DA:247,0
DA:249,0
DA:250,0
LF:82
LH:0
BRDA:43,0,0,0
BRDA:43,0,1,0
BRDA:69,1,0,0
BRDA:69,1,1,0
BRDA:72,2,0,0
BRDA:72,2,1,0
BRDA:73,3,0,0
BRDA:73,3,1,0
BRDA:74,4,0,0
BRDA:74,4,1,0
BRDA:122,5,0,0
BRDA:122,5,1,0
BRDA:128,6,0,0
BRDA:128,6,1,0
BRDA:128,7,0,0
BRDA:128,7,1,0
BRDA:129,8,0,0
BRDA:129,8,1,0
BRDA:129,9,0,0
BRDA:129,9,1,0
BRDA:130,10,0,0
BRDA:130,10,1,0
BRDA:130,11,0,0
BRDA:130,11,1,0
BRDA:132,12,0,0
BRDA:132,12,1,0
BRDA:132,13,0,0
BRDA:132,13,1,0
BRDA:132,13,2,0
BRDA:153,14,0,0
BRDA:153,14,1,0
BRDA:154,15,0,0
BRDA:154,15,1,0
BRDA:155,16,0,0
BRDA:155,16,1,0
BRDA:183,17,0,0
BRDA:183,17,1,0
BRDA:183,18,0,0
BRDA:183,18,1,0
BRDA:183,19,0,0
BRDA:183,19,1,0
BRDA:195,20,0,0
BRDA:195,20,1,0
BRDA:222,21,0,0
BRDA:222,21,1,0
BRDA:241,22,0,0
BRDA:241,22,1,0
BRF:47
BRH:0
end_of_record
TN:
SF:lib/productService.ts
FN:42,roundUpToNearestCap
FN:44,(anonymous_8)
FN:54,fetchProducts
FN:102,sortByPriority
FN:103,(anonymous_12)
FN:128,getRecommendedTanks
FN:128,(anonymous_14)
FN:141,(anonymous_15)
FN:147,(anonymous_16)
FN:153,(anonymous_17)
FN:154,(anonymous_18)
FN:178,(anonymous_19)
FN:180,(anonymous_20)
FN:228,getAllTanks
FN:234,(anonymous_23)
FN:248,getAdditionalRecommendedTanks
FN:255,(anonymous_26)
FN:267,(anonymous_27)
FN:274,(anonymous_28)
FN:281,(anonymous_29)
FN:282,(anonymous_30)
FN:306,(anonymous_31)
FN:308,(anonymous_32)
FN:327,(anonymous_33)
FN:328,(anonymous_34)
FN:350,(anonymous_35)
FN:350,(anonymous_36)
FN:356,(anonymous_37)
FN:356,(anonymous_38)
FN:363,(anonymous_39)
FN:363,(anonymous_40)
FN:388,getCompatiblePumps
FN:391,(anonymous_43)
FN:401,(anonymous_44)
FN:410,(anonymous_45)
FN:414,(anonymous_46)
FN:432,(anonymous_47)
FN:442,(anonymous_48)
FN:487,isBestsellerProduct
FN:537,getProductFeatures
FN:603,_resetCache
FNF:41
FNH:38
FNDA:8,roundUpToNearestCap
FNDA:16,(anonymous_8)
FNDA:25,fetchProducts
FNDA:2,sortByPriority
FNDA:4,(anonymous_12)
FNDA:9,getRecommendedTanks
FNDA:9,(anonymous_14)
FNDA:121,(anonymous_15)
FNDA:121,(anonymous_16)
FNDA:18,(anonymous_17)
FNDA:86,(anonymous_18)
FNDA:18,(anonymous_19)
FNDA:66,(anonymous_20)
FNDA:0,getAllTanks
FNDA:0,(anonymous_23)
FNDA:5,getAdditionalRecommendedTanks
FNDA:6,(anonymous_26)
FNDA:64,(anonymous_27)
FNDA:64,(anonymous_28)
FNDA:10,(anonymous_29)
FNDA:48,(anonymous_30)
FNDA:10,(anonymous_31)
FNDA:38,(anonymous_32)
FNDA:5,(anonymous_33)
FNDA:5,(anonymous_34)
FNDA:5,(anonymous_35)
FNDA:15,(anonymous_36)
FNDA:11,(anonymous_37)
FNDA:29,(anonymous_38)
FNDA:20,(anonymous_39)
FNDA:129,(anonymous_40)
FNDA:8,getCompatiblePumps
FNDA:112,(anonymous_43)
FNDA:12,(anonymous_44)
FNDA:7,(anonymous_45)
FNDA:5,(anonymous_46)
FNDA:3,(anonymous_47)
FNDA:0,(anonymous_48)
FNDA:6,isBestsellerProduct
FNDA:4,getProductFeatures
FNDA:43,_resetCache
DA:31,1
DA:32,1
DA:44,16
DA:45,8
DA:49,1
DA:54,1
DA:56,25
DA:57,0
DA:60,25
DA:66,25
DA:69,20
DA:70,0
DA:72,20
DA:73,20
DA:74,0
DA:77,20
DA:78,20
DA:79,20
DA:82,5
DA:83,5
DA:84,5
DA:85,1
DA:86,0
DA:88,1
DA:89,1
DA:90,1
DA:92,4
DA:93,4
DA:103,2
DA:105,4
DA:106,4
DA:109,0
DA:110,0
DA:113,0
DA:128,9
DA:129,9
DA:130,9
DA:131,9
DA:132,9
DA:135,9
DA:140,9
DA:141,121
DA:146,9
DA:147,121
DA:153,9
DA:154,18
DA:156,86
DA:157,86
DA:159,86
DA:160,58
DA:164,28
DA:165,28
DA:169,0
DA:170,0
DA:173,0
DA:178,9
DA:179,18
DA:180,18
DA:181,66
DA:182,66
DA:183,66
DA:187,9
DA:188,9
DA:190,9
DA:193,9
DA:195,6
DA:199,3
DA:200,3
DA:203,3
DA:204,2
DA:208,3
DA:209,1
DA:217,9
DA:219,0
DA:220,0
DA:228,1
DA:229,0
DA:232,0
DA:234,0
DA:238,0
DA:248,1
DA:253,5
DA:254,5
DA:255,6
DA:257,5
DA:258,5
DA:261,5
DA:266,5
DA:267,64
DA:273,5
DA:274,64
DA:281,5
DA:282,10
DA:284,48
DA:285,48
DA:287,48
DA:288,35
DA:292,13
DA:293,13
DA:297,0
DA:298,0
DA:301,0
DA:306,5
DA:307,10
DA:308,10
DA:309,38
DA:310,38
DA:311,38
DA:315,5
DA:316,5
DA:318,5
DA:321,5
DA:323,2
DA:327,5
DA:328,5
DA:332,3
DA:333,3
DA:335,3
DA:336,3
DA:339,3
DA:342,3
DA:346,5
DA:348,5
DA:349,2
DA:350,15
DA:352,2
DA:355,3
DA:356,29
DA:358,3
DA:361,3
DA:362,3
DA:363,129
DA:365,3
DA:371,5
DA:373,0
DA:374,0
DA:388,1
DA:389,8
DA:390,8
DA:391,112
DA:394,8
DA:395,8
DA:397,8
DA:399,8
DA:401,4
DA:402,12
DA:405,4
DA:406,4
DA:408,4
DA:410,4
DA:411,7
DA:414,4
DA:415,5
DA:420,4
DA:421,2
DA:424,4
DA:425,2
DA:430,8
DA:432,2
DA:434,3
DA:435,0
DA:439,3
DA:441,0
DA:443,0
DA:444,0
DA:445,0
DA:450,0
DA:452,0
DA:454,0
DA:457,0
DA:463,3
DA:466,2
DA:470,8
DA:471,0
DA:474,8
DA:476,0
DA:477,0
DA:487,1
DA:489,6
DA:490,5
DA:492,5
DA:493,2
DA:497,3
DA:498,3
DA:499,2
DA:505,2
DA:506,1
DA:507,1
DA:510,1
DA:511,1
DA:515,0
DA:517,0
DA:518,0
DA:522,0
DA:525,0
DA:530,1
DA:537,1
DA:539,4
DA:540,1
DA:544,3
DA:546,3
DA:547,1
DA:549,1
DA:550,1
DA:551,1
DA:552,0
DA:553,0
DA:556,1
DA:557,0
DA:561,3
DA:562,2
DA:564,2
DA:565,1
DA:568,2
DA:569,1
DA:572,2
DA:575,3
DA:576,0
DA:577,0
DA:578,0
DA:579,0
DA:582,0
DA:583,0
DA:584,0
DA:585,0
DA:588,0
DA:589,0
DA:590,0
DA:594,3
DA:603,1
DA:604,43
LF:231
LH:179
BRDA:45,0,0,8
BRDA:45,0,1,0
BRDA:56,1,0,0
BRDA:56,1,1,25
BRDA:69,2,0,0
BRDA:69,2,1,20
BRDA:72,3,0,20
BRDA:72,3,1,0
BRDA:73,4,0,0
BRDA:73,4,1,20
BRDA:85,5,0,0
BRDA:85,5,1,1
BRDA:105,6,0,4
BRDA:105,6,1,0
BRDA:105,7,0,4
BRDA:105,7,1,4
BRDA:109,8,0,0
BRDA:109,8,1,0
BRDA:110,9,0,0
BRDA:110,9,1,0
BRDA:113,10,0,0
BRDA:113,10,1,0
BRDA:113,11,0,0
BRDA:113,11,1,0
BRDA:128,12,0,0
BRDA:131,13,0,9
BRDA:131,13,1,4
BRDA:135,14,0,6
BRDA:135,14,1,3
BRDA:141,15,0,121
BRDA:141,15,1,49
BRDA:141,15,2,49
BRDA:147,16,0,121
BRDA:147,16,1,48
BRDA:147,16,2,48
BRDA:156,17,0,86
BRDA:156,17,1,0
BRDA:157,18,0,86
BRDA:157,18,1,0
BRDA:159,19,0,58
BRDA:159,19,1,28
BRDA:164,20,0,28
BRDA:164,20,1,0
BRDA:164,21,0,28
BRDA:164,21,1,28
BRDA:169,22,0,0
BRDA:169,22,1,0
BRDA:170,23,0,0
BRDA:170,23,1,0
BRDA:173,24,0,0
BRDA:173,24,1,0
BRDA:173,25,0,0
BRDA:173,25,1,0
BRDA:181,26,0,0
BRDA:181,26,1,66
BRDA:193,27,0,6
BRDA:193,27,1,3
BRDA:203,28,0,2
BRDA:203,28,1,1
BRDA:203,29,0,3
BRDA:203,29,1,3
BRDA:208,30,0,1
BRDA:208,30,1,2
BRDA:208,31,0,3
BRDA:208,31,1,1
BRDA:234,32,0,0
BRDA:234,32,1,0
BRDA:234,32,2,0
BRDA:234,33,0,0
BRDA:234,33,1,0
BRDA:257,34,0,5
BRDA:257,34,1,3
BRDA:261,35,0,2
BRDA:261,35,1,3
BRDA:267,36,0,64
BRDA:267,36,1,28
BRDA:267,36,2,28
BRDA:267,36,3,27
BRDA:274,37,0,64
BRDA:274,37,1,24
BRDA:274,37,2,24
BRDA:274,37,3,14
BRDA:284,38,0,48
BRDA:284,38,1,0
BRDA:285,39,0,48
BRDA:285,39,1,0
BRDA:287,40,0,35
BRDA:287,40,1,13
BRDA:292,41,0,13
BRDA:292,41,1,0
BRDA:292,42,0,13
BRDA:292,42,1,13
BRDA:297,43,0,0
BRDA:297,43,1,0
BRDA:298,44,0,0
BRDA:298,44,1,0
BRDA:301,45,0,0
BRDA:301,45,1,0
BRDA:301,46,0,0
BRDA:301,46,1,0
BRDA:309,47,0,0
BRDA:309,47,1,38
BRDA:321,48,0,2
BRDA:321,48,1,3
BRDA:346,49,0,5
BRDA:346,49,1,0
BRDA:348,50,0,2
BRDA:348,50,1,3
BRDA:361,51,0,3
BRDA:361,51,1,0
BRDA:394,52,0,8
BRDA:394,52,1,5
BRDA:399,53,0,4
BRDA:399,53,1,4
BRDA:405,54,0,4
BRDA:405,54,1,0
BRDA:408,55,0,4
BRDA:408,55,1,0
BRDA:415,56,0,5
BRDA:415,56,1,2
BRDA:415,56,2,2
BRDA:420,57,0,2
BRDA:420,57,1,2
BRDA:424,58,0,2
BRDA:424,58,1,2
BRDA:430,59,0,2
BRDA:430,59,1,6
BRDA:434,60,0,0
BRDA:434,60,1,3
BRDA:439,61,0,0
BRDA:439,61,1,3
BRDA:439,62,0,3
BRDA:439,62,1,3
BRDA:439,62,2,0
BRDA:443,63,0,0
BRDA:443,63,1,0
BRDA:444,64,0,0
BRDA:444,64,1,0
BRDA:450,65,0,0
BRDA:450,65,1,0
BRDA:452,66,0,0
BRDA:452,66,1,0
BRDA:454,67,0,0
BRDA:454,67,1,0
BRDA:457,68,0,0
BRDA:457,68,1,0
BRDA:457,68,2,0
BRDA:470,69,0,0
BRDA:470,69,1,8
BRDA:470,70,0,8
BRDA:470,70,1,1
BRDA:489,71,0,5
BRDA:489,71,1,1
BRDA:489,72,0,6
BRDA:489,72,1,5
BRDA:490,73,0,5
BRDA:490,73,1,0
BRDA:492,74,0,2
BRDA:492,74,1,3
BRDA:498,75,0,2
BRDA:498,75,1,1
BRDA:498,76,0,3
BRDA:498,76,1,3
BRDA:505,77,0,1
BRDA:505,77,1,1
BRDA:506,78,0,1
BRDA:506,78,1,0
BRDA:507,79,0,1
BRDA:507,79,1,0
BRDA:510,80,0,1
BRDA:510,80,1,0
BRDA:510,81,0,1
BRDA:510,81,1,1
BRDA:515,82,0,0
BRDA:515,82,1,0
BRDA:517,83,0,0
BRDA:517,83,1,0
BRDA:522,84,0,0
BRDA:522,84,1,0
BRDA:522,85,0,0
BRDA:522,85,1,0
BRDA:522,85,2,0
BRDA:539,86,0,1
BRDA:539,86,1,3
BRDA:539,87,0,4
BRDA:539,87,1,1
BRDA:546,88,0,1
BRDA:546,88,1,2
BRDA:549,89,0,1
BRDA:549,89,1,0
BRDA:549,90,0,1
BRDA:549,90,1,1
BRDA:552,91,0,0
BRDA:552,91,1,0
BRDA:552,92,0,0
BRDA:552,92,1,0
BRDA:556,93,0,0
BRDA:556,93,1,1
BRDA:561,94,0,2
BRDA:561,94,1,1
BRDA:564,95,0,1
BRDA:564,95,1,1
BRDA:564,96,0,2
BRDA:564,96,1,2
BRDA:568,97,0,1
BRDA:568,97,1,1
BRDA:568,98,0,2
BRDA:568,98,1,2
BRDA:572,99,0,1
BRDA:572,99,1,1
BRDA:572,100,0,2
BRDA:572,100,1,2
BRDA:575,101,0,0
BRDA:575,101,1,3
BRDA:576,102,0,0
BRDA:576,102,1,0
BRDA:582,103,0,0
BRDA:582,103,1,0
BRDA:582,104,0,0
BRDA:582,104,1,0
BRDA:588,105,0,0
BRDA:588,105,1,0
BRF:222
BRH:128
end_of_record
TN:
SF:lib/rainfallDataService.ts
FN:22,fetchDetailedRainfallData
FN:51,(anonymous_9)
FN:79,(anonymous_10)
FN:93,(anonymous_11)
FN:97,(anonymous_12)
FN:111,(anonymous_13)
FNF:6
FNH:0
FNDA:0,fetchDetailedRainfallData
FNDA:0,(anonymous_9)
FNDA:0,(anonymous_10)
FNDA:0,(anonymous_11)
FNDA:0,(anonymous_12)
FNDA:0,(anonymous_13)
DA:1,0
DA:22,0
DA:23,0
DA:24,0
DA:33,0
DA:34,0
DA:37,0
DA:40,0
DA:42,0
DA:44,0
DA:45,0
DA:46,0
DA:50,0
DA:51,0
DA:54,0
DA:56,0
DA:57,0
DA:58,0
DA:62,0
DA:63,0
DA:79,0
DA:80,0
DA:84,0
DA:85,0
DA:86,0
DA:87,0
DA:89,0
DA:93,0
DA:96,0
DA:97,0
DA:98,0
DA:99,0
DA:100,0
DA:108,0
DA:109,0
DA:111,0
DA:112,0
DA:113,0
DA:115,0
DA:116,0
DA:120,0
DA:127,0
DA:128,0
LF:43
LH:0
BRDA:44,0,0,0
BRDA:44,0,1,0
BRDA:54,1,0,0
BRDA:54,1,1,0
BRDA:54,2,0,0
BRDA:54,2,1,0
BRDA:56,3,0,0
BRDA:56,3,1,0
BRDA:87,4,0,0
BRDA:87,4,1,0
BRDA:112,5,0,0
BRDA:112,5,1,0
BRDA:115,6,0,0
BRDA:115,6,1,0
BRF:14
BRH:0
end_of_record
TN:
SF:lib/rnbIdService.ts
FN:23,fetchRnbIdsByBatimentGroupe
FN:56,(anonymous_10)
FN:80,fetchRnbIdsForMultipleGroups
FN:93,(anonymous_13)
FN:109,(anonymous_14)
FN:115,(anonymous_15)
FN:134,(anonymous_16)
FN:146,(anonymous_17)
FN:157,fetchSingleRnbId
FNF:9
FNH:0
FNDA:0,fetchRnbIdsByBatimentGroupe
FNDA:0,(anonymous_10)
FNDA:0,fetchRnbIdsForMultipleGroups
FNDA:0,(anonymous_13)
FNDA:0,(anonymous_14)
FNDA:0,(anonymous_15)
FNDA:0,(anonymous_16)
FNDA:0,(anonymous_17)
FNDA:0,fetchSingleRnbId
DA:1,0
DA:23,0
DA:26,0
DA:27,0
DA:28,0
DA:32,0
DA:35,0
DA:44,0
DA:46,0
DA:47,0
DA:50,0
DA:51,0
DA:52,0
DA:56,0
DA:66,0
DA:67,0
DA:69,0
DA:70,0
DA:80,0
DA:83,0
DA:84,0
DA:85,0
DA:89,0
DA:93,0
DA:96,0
DA:101,0
DA:103,0
DA:104,0
DA:107,0
DA:108,0
DA:109,0
DA:113,0
DA:115,0
DA:116,0
DA:117,0
DA:118,0
DA:121,0
DA:133,0
DA:134,0
DA:135,0
DA:138,0
DA:141,0
DA:143,0
DA:146,0
DA:157,0
DA:158,0
DA:160,0
DA:161,0
DA:165,0
LF:49
LH:0
BRDA:26,0,0,0
BRDA:26,0,1,0
BRDA:50,1,0,0
BRDA:50,1,1,0
BRDA:50,2,0,0
BRDA:50,2,1,0
BRDA:50,2,2,0
BRDA:69,3,0,0
BRDA:69,3,1,0
BRDA:69,4,0,0
BRDA:69,4,1,0
BRDA:69,5,0,0
BRDA:69,5,1,0
BRDA:83,6,0,0
BRDA:83,6,1,0
BRDA:83,7,0,0
BRDA:83,7,1,0
BRDA:107,8,0,0
BRDA:107,8,1,0
BRDA:107,9,0,0
BRDA:107,9,1,0
BRDA:107,9,2,0
BRDA:117,10,0,0
BRDA:117,10,1,0
BRDA:135,11,0,0
BRDA:135,11,1,0
BRDA:143,12,0,0
BRDA:143,12,1,0
BRDA:143,13,0,0
BRDA:143,13,1,0
BRDA:143,14,0,0
BRDA:143,14,1,0
BRDA:160,15,0,0
BRDA:160,15,1,0
BRDA:160,16,0,0
BRDA:160,16,1,0
BRDA:165,17,0,0
BRDA:165,17,1,0
BRF:38
BRH:0
end_of_record
TN:
SF:lib/roofCalculator.ts
FN:18,calculateRoofSurfaceFromFootprint
FN:91,calculateAreaInLambert93
FN:132,calculateRingAreaInMetricSystem
FN:148,determineCoordinateSystem
FNF:4
FNH:0
FNDA:0,calculateRoofSurfaceFromFootprint
FNDA:0,calculateAreaInLambert93
FNDA:0,calculateRingAreaInMetricSystem
FNDA:0,determineCoordinateSystem
DA:1,0
DA:18,0
DA:24,0
DA:25,0
DA:28,0
DA:29,0
DA:30,0
DA:31,0
DA:32,0
DA:34,0
DA:37,0
DA:38,0
DA:40,0
DA:41,0
DA:42,0
DA:48,0
DA:53,0
DA:57,0
DA:58,0
DA:61,0
DA:62,0
DA:65,0
DA:67,0
DA:68,0
DA:69,0
DA:75,0
DA:80,0
DA:81,0
DA:92,0
DA:95,0
DA:97,0
DA:99,0
DA:100,0
DA:101,0
DA:103,0
DA:105,0
DA:107,0
DA:108,0
DA:110,0
DA:111,0
DA:112,0
DA:114,0
DA:116,0
DA:120,0
DA:122,0
DA:123,0
DA:133,0
DA:136,0
DA:137,0
DA:141,0
DA:142,0
DA:145,0
DA:159,0
LF:53
LH:0
BRDA:24,0,0,0
BRDA:24,0,1,0
BRDA:29,1,0,0
BRDA:29,1,1,0
BRDA:31,2,0,0
BRDA:31,2,1,0
BRDA:40,3,0,0
BRDA:40,3,1,0
BRDA:40,4,0,0
BRDA:40,4,1,0
BRDA:40,4,2,0
BRDA:53,5,0,0
BRDA:53,5,1,0
BRDA:67,6,0,0
BRDA:67,6,1,0
BRDA:97,7,0,0
BRDA:97,7,1,0
BRDA:103,8,0,0
BRDA:103,8,1,0
BRDA:105,9,0,0
BRDA:105,9,1,0
BRDA:114,10,0,0
BRDA:114,10,1,0
BRDA:136,11,0,0
BRDA:136,11,1,0
BRDA:136,12,0,0
BRDA:136,12,1,0
BRDA:136,12,2,0
BRF:28
BRH:0
end_of_record
TN:
SF:lib/roofDetailsService.ts
FN:16,fetchRoofDetailsByRnbId
FN:27,(anonymous_9)
FN:31,(anonymous_10)
FNF:3
FNH:0
FNDA:0,fetchRoofDetailsByRnbId
FNDA:0,(anonymous_9)
FNDA:0,(anonymous_10)
DA:16,0
DA:17,0
DA:18,0
DA:19,0
DA:22,0
DA:27,0
DA:31,0
DA:33,0
DA:34,0
DA:37,0
DA:38,0
DA:39,0
DA:40,0
DA:42,0
DA:51,0
DA:52,0
LF:16
LH:0
BRDA:17,0,0,0
BRDA:17,0,1,0
BRDA:47,1,0,0
BRDA:47,1,1,0
BRDA:47,2,0,0
BRDA:47,2,1,0
BRF:6
BRH:0
end_of_record
TN:
SF:lib/roofSurfaceByAddressService.ts
FN:16,fetchBuildingDataByAddress
FN:108,fetchBuildingDataFromOSM
FN:138,(anonymous_21)
FN:172,(anonymous_22)
FN:181,(anonymous_23)
FN:234,simulateBuildingData
FNF:6
FNH:0
FNDA:0,fetchBuildingDataByAddress
FNDA:0,fetchBuildingDataFromOSM
FNDA:0,(anonymous_21)
FNDA:0,(anonymous_22)
FNDA:0,(anonymous_23)
FNDA:0,simulateBuildingData
DA:1,0
DA:3,0
DA:7,0
DA:16,0
DA:18,0
DA:20,0
DA:21,0
DA:22,0
DA:26,0
DA:29,0
DA:37,0
DA:39,0
DA:40,0
DA:43,0
DA:44,0
DA:45,0
DA:49,0
DA:51,0
DA:52,0
DA:55,0
DA:56,0
DA:57,0
DA:61,0
DA:68,0
DA:69,0
DA:70,0
DA:72,0
DA:76,0
DA:84,0
DA:92,0
DA:93,0
DA:95,0
DA:96,0
DA:108,0
DA:109,0
DA:110,0
DA:111,0
DA:119,0
DA:120,0
DA:122,0
DA:123,0
DA:127,0
DA:128,0
DA:129,0
DA:130,0
DA:134,0
DA:135,0
DA:136,0
DA:138,0
DA:140,0
DA:145,0
DA:147,0
DA:149,0
DA:161,0
DA:162,0
DA:163,0
DA:167,0
DA:168,0
DA:171,0
DA:173,0
DA:174,0
DA:175,0
DA:176,0
DA:178,0
DA:181,0
DA:184,0
DA:186,0
DA:187,0
DA:189,0
DA:191,0
DA:192,0
DA:193,0
DA:195,0
DA:198,0
DA:206,0
DA:219,0
DA:220,0
DA:222,0
DA:223,0
DA:234,0
DA:235,0
DA:238,0
DA:239,0
DA:245,0
DA:246,0
DA:247,0
DA:249,0
DA:250,0
DA:252,0
DA:260,0
DA:270,0
DA:272,0
DA:286,0
LF:93
LH:0
BRDA:20,0,0,0
BRDA:20,0,1,0
BRDA:43,1,0,0
BRDA:43,1,1,0
BRDA:43,2,0,0
BRDA:43,2,1,0
BRDA:43,2,2,0
BRDA:55,3,0,0
BRDA:55,3,1,0
BRDA:68,4,0,0
BRDA:68,4,1,0
BRDA:69,5,0,0
BRDA:69,5,1,0
BRDA:77,6,0,0
BRDA:77,6,1,0
BRDA:78,7,0,0
BRDA:78,7,1,0
BRDA:80,8,0,0
BRDA:80,8,1,0
BRDA:81,9,0,0
BRDA:81,9,1,0
BRDA:95,10,0,0
BRDA:95,10,1,0
BRDA:95,11,0,0
BRDA:95,11,1,0
BRDA:95,12,0,0
BRDA:95,12,1,0
BRDA:128,13,0,0
BRDA:128,13,1,0
BRDA:128,14,0,0
BRDA:128,14,1,0
BRDA:136,15,0,0
BRDA:136,15,1,0
BRDA:136,16,0,0
BRDA:136,16,1,0
BRDA:140,17,0,0
BRDA:140,17,1,0
BRDA:141,18,0,0
BRDA:141,18,1,0
BRDA:141,18,2,0
BRDA:147,19,0,0
BRDA:147,19,1,0
BRDA:153,20,0,0
BRDA:153,20,1,0
BRDA:153,21,0,0
BRDA:153,21,1,0
BRDA:153,22,0,0
BRDA:153,22,1,0
BRDA:161,23,0,0
BRDA:161,23,1,0
BRDA:189,24,0,0
BRDA:189,24,1,0
BRDA:199,25,0,0
BRDA:199,25,1,0
BRDA:199,26,0,0
BRDA:199,26,1,0
BRDA:199,27,0,0
BRDA:199,27,1,0
BRDA:199,28,0,0
BRDA:199,28,1,0
BRDA:199,29,0,0
BRDA:199,29,1,0
BRDA:200,30,0,0
BRDA:200,30,1,0
BRDA:200,31,0,0
BRDA:200,31,1,0
BRDA:200,32,0,0
BRDA:200,32,1,0
BRDA:200,33,0,0
BRDA:200,33,1,0
BRDA:200,34,0,0
BRDA:200,34,1,0
BRDA:203,35,0,0
BRDA:203,35,1,0
BRDA:203,36,0,0
BRDA:203,36,1,0
BRDA:203,37,0,0
BRDA:203,37,1,0
BRDA:220,38,0,0
BRDA:220,38,1,0
BRDA:222,39,0,0
BRDA:222,39,1,0
BRDA:222,40,0,0
BRDA:222,40,1,0
BRDA:222,41,0,0
BRDA:222,41,1,0
BRF:86
BRH:0
end_of_record
TN:
SF:lib/roofSurfaceByCleInteropService.ts
FN:13,fetchBuildingDataByCleInterop
FN:102,fetchBuildingDataByAddressRelation
FN:129,(anonymous_21)
FN:145,(anonymous_22)
FNF:4
FNH:0
FNDA:0,fetchBuildingDataByCleInterop
FNDA:0,fetchBuildingDataByAddressRelation
FNDA:0,(anonymous_21)
FNDA:0,(anonymous_22)
DA:1,0
DA:3,0
DA:13,0
DA:14,0
DA:15,0
DA:16,0
DA:20,0
DA:23,0
DA:31,0
DA:33,0
DA:34,0
DA:37,0
DA:38,0
DA:39,0
DA:43,0
DA:45,0
DA:46,0
DA:49,0
DA:50,0
DA:51,0
DA:55,0
DA:62,0
DA:63,0
DA:64,0
DA:65,0
DA:67,0
DA:71,0
DA:78,0
DA:86,0
DA:87,0
DA:89,0
DA:90,0
DA:102,0
DA:105,0
DA:106,0
DA:107,0
DA:112,0
DA:113,0
DA:118,0
DA:120,0
DA:121,0
DA:123,0
DA:124,0
DA:125,0
DA:129,0
DA:131,0
DA:132,0
DA:133,0
DA:136,0
DA:140,0
DA:145,0
DA:147,0
DA:154,0
DA:156,0
DA:158,0
DA:159,0
DA:160,0
DA:164,0
DA:166,0
DA:167,0
DA:170,0
DA:171,0
DA:172,0
DA:176,0
DA:183,0
DA:184,0
DA:185,0
DA:187,0
DA:191,0
DA:198,0
DA:206,0
DA:207,0
DA:209,0
DA:210,0
LF:74
LH:0
BRDA:14,0,0,0
BRDA:14,0,1,0
BRDA:37,1,0,0
BRDA:37,1,1,0
BRDA:37,2,0,0
BRDA:37,2,1,0
BRDA:37,2,2,0
BRDA:49,3,0,0
BRDA:49,3,1,0
BRDA:72,4,0,0
BRDA:72,4,1,0
BRDA:73,5,0,0
BRDA:73,5,1,0
BRDA:75,6,0,0
BRDA:75,6,1,0
BRDA:89,7,0,0
BRDA:89,7,1,0
BRDA:89,8,0,0
BRDA:89,8,1,0
BRDA:89,9,0,0
BRDA:89,9,1,0
BRDA:105,10,0,0
BRDA:105,10,1,0
BRDA:123,11,0,0
BRDA:123,11,1,0
BRDA:123,12,0,0
BRDA:123,12,1,0
BRDA:123,12,2,0
BRDA:131,13,0,0
BRDA:131,13,1,0
BRDA:158,14,0,0
BRDA:158,14,1,0
BRDA:158,15,0,0
BRDA:158,15,1,0
BRDA:158,15,2,0
BRDA:170,16,0,0
BRDA:170,16,1,0
BRDA:192,17,0,0
BRDA:192,17,1,0
BRDA:193,18,0,0
BRDA:193,18,1,0
BRDA:195,19,0,0
BRDA:195,19,1,0
BRDA:209,20,0,0
BRDA:209,20,1,0
BRDA:209,21,0,0
BRDA:209,21,1,0
BRDA:209,22,0,0
BRDA:209,22,1,0
BRF:49
BRH:0
end_of_record
TN:
SF:lib/useSingleFlight.ts
FN:51,useSingleFlight
FN:59,(anonymous_8)
FN:59,(anonymous_9)
FN:78,(anonymous_10)
FN:92,createGuard
FN:96,(anonymous_12)
FN:96,(anonymous_13)
FNF:7
FNH:0
FNDA:0,useSingleFlight
FNDA:0,(anonymous_8)
FNDA:0,(anonymous_9)
FNDA:0,(anonymous_10)
FNDA:0,createGuard
FNDA:0,(anonymous_12)
FNDA:0,(anonymous_13)
DA:9,0
DA:51,0
DA:55,0
DA:58,0
DA:59,0
DA:61,0
DA:64,0
DA:66,0
DA:68,0
DA:71,0
DA:78,0
DA:92,0
DA:95,0
DA:96,0
DA:97,0
DA:98,0
DA:99,0
DA:100,0
DA:102,0
LF:19
LH:0
BRDA:61,0,0,0
BRDA:61,0,1,0
BRDA:97,1,0,0
BRDA:97,1,1,0
BRF:4
BRH:0
end_of_record
TN:
SF:lib/utils.ts
FN:4,cn
FNF:1
FNH:0
FNDA:0,cn
DA:1,0
DA:2,0
DA:4,0
DA:5,0
LF:4
LH:0
BRF:0
BRH:0
end_of_record
TN:
SF:lib/volumeCalculator.ts
FN:16,getAvailableTankVolumes
FN:41,ceilToAvailableVolume
FN:69,determineRecommendedTankType
FN:89,getRecommendedTankSize
FNF:4
FNH:0
FNDA:0,getAvailableTankVolumes
FNDA:0,ceilToAvailableVolume
FNDA:0,determineRecommendedTankType
FNDA:0,getRecommendedTankSize
DA:16,0
DA:17,0
DA:19,0
DA:22,0
DA:33,0
DA:41,0
DA:43,0
DA:47,0
DA:48,0
DA:52,0
DA:53,0
DA:54,0
DA:60,0
DA:69,0
DA:71,0
DA:72,0
DA:75,0
DA:76,0
DA:80,0
DA:89,0
DA:95,0
DA:98,0
DA:101,0
DA:104,0
LF:24
LH:0
BRDA:17,0,0,0
BRDA:17,0,1,0
BRDA:47,1,0,0
BRDA:47,1,1,0
BRDA:53,2,0,0
BRDA:53,2,1,0
BRDA:75,3,0,0
BRDA:75,3,1,0
BRDA:101,4,0,0
BRDA:101,4,1,0
BRF:10
BRH:0
end_of_record
